{"/home/travis/build/npmtest/node-npmtest-jscoverage/test.js":{"path":"/home/travis/build/npmtest/node-npmtest-jscoverage/test.js","s":{"1":2,"2":2,"3":2,"4":2,"5":2,"6":2,"7":2,"8":1,"9":2,"10":2,"11":1,"12":1,"13":1,"14":1,"15":2,"16":2,"17":2,"18":2,"19":1,"20":1,"21":2,"22":2,"23":2,"24":1,"25":1,"26":1,"27":1,"28":1,"29":1,"30":1,"31":1,"32":1,"33":1,"34":1,"35":1,"36":1,"37":1,"38":1,"39":2,"40":2,"41":1,"42":2,"43":2,"44":1,"45":2,"46":2,"47":1,"48":2,"49":2,"50":1,"51":1,"52":1,"53":1,"54":1},"b":{"1":[2,1,1,1],"2":[1,1,1,1],"3":[1,1],"4":[1,1],"5":[1,1],"6":[1,1],"7":[1,1],"8":[1,1],"9":[1,1],"10":[1,1,1],"11":[1,1],"12":[1,1],"13":[1,1],"14":[1,1],"15":[1,1],"16":[1,1],"17":[1,1]},"f":{"1":2,"2":2,"3":2,"4":2,"5":2,"6":1,"7":1,"8":1,"9":2,"10":2,"11":2,"12":2,"13":1},"fnMap":{"1":{"name":"(anonymous_1)","line":12,"loc":{"start":{"line":12,"column":1},"end":{"line":12,"column":13}}},"2":{"name":"(anonymous_2)","line":19,"loc":{"start":{"line":19,"column":5},"end":{"line":19,"column":17}}},"3":{"name":"(anonymous_3)","line":23,"loc":{"start":{"line":23,"column":24},"end":{"line":23,"column":36}}},"4":{"name":"(anonymous_4)","line":61,"loc":{"start":{"line":61,"column":5},"end":{"line":61,"column":17}}},"5":{"name":"(anonymous_5)","line":82,"loc":{"start":{"line":82,"column":5},"end":{"line":82,"column":17}}},"6":{"name":"(anonymous_6)","line":91,"loc":{"start":{"line":91,"column":77},"end":{"line":94,"column":10}}},"7":{"name":"(anonymous_7)","line":112,"loc":{"start":{"line":112,"column":83},"end":{"line":115,"column":10}},"skip":true},"8":{"name":"(anonymous_8)","line":123,"loc":{"start":{"line":123,"column":77},"end":{"line":126,"column":10}},"skip":true},"9":{"name":"(anonymous_9)","line":139,"loc":{"start":{"line":139,"column":12},"end":{"line":139,"column":40}},"skip":true},"10":{"name":"(anonymous_10)","line":147,"loc":{"start":{"line":147,"column":77},"end":{"line":150,"column":10}},"skip":true},"11":{"name":"(anonymous_11)","line":158,"loc":{"start":{"line":158,"column":83},"end":{"line":161,"column":10}},"skip":true},"12":{"name":"(anonymous_12)","line":169,"loc":{"start":{"line":169,"column":79},"end":{"line":172,"column":10}},"skip":true},"13":{"name":"(anonymous_13)","line":180,"loc":{"start":{"line":180,"column":75},"end":{"line":183,"column":10}},"skip":true}},"statementMap":{"1":{"start":{"line":12,"column":0},"end":{"line":195,"column":5}},"2":{"start":{"line":14,"column":4},"end":{"line":14,"column":14}},"3":{"start":{"line":19,"column":4},"end":{"line":56,"column":9}},"4":{"start":{"line":21,"column":8},"end":{"line":21,"column":19}},"5":{"start":{"line":23,"column":8},"end":{"line":35,"column":13}},"6":{"start":{"line":24,"column":12},"end":{"line":34,"column":13}},"7":{"start":{"line":25,"column":16},"end":{"line":28,"column":30}},"8":{"start":{"line":30,"column":16},"end":{"line":33,"column":27}},"9":{"start":{"line":37,"column":8},"end":{"line":39,"column":21}},"10":{"start":{"line":40,"column":8},"end":{"line":53,"column":9}},"11":{"start":{"line":43,"column":12},"end":{"line":46,"column":14}},"12":{"start":{"line":47,"column":12},"end":{"line":47,"column":18}},"13":{"start":{"line":50,"column":12},"end":{"line":51,"column":46}},"14":{"start":{"line":52,"column":12},"end":{"line":52,"column":18}},"15":{"start":{"line":55,"column":8},"end":{"line":55,"column":35}},"16":{"start":{"line":61,"column":4},"end":{"line":63,"column":9}},"17":{"start":{"line":62,"column":8},"end":{"line":62,"column":15}},"18":{"start":{"line":64,"column":4},"end":{"line":77,"column":5}},"19":{"start":{"line":70,"column":8},"end":{"line":70,"column":14}},"20":{"start":{"line":76,"column":8},"end":{"line":76,"column":14}},"21":{"start":{"line":82,"column":4},"end":{"line":84,"column":9}},"22":{"start":{"line":83,"column":8},"end":{"line":83,"column":15}},"23":{"start":{"line":85,"column":4},"end":{"line":194,"column":5}},"24":{"start":{"line":91,"column":8},"end":{"line":99,"column":10}},"25":{"start":{"line":98,"column":12},"end":{"line":98,"column":35}},"26":{"start":{"line":102,"column":8},"end":{"line":104,"column":63}},"27":{"start":{"line":105,"column":8},"end":{"line":105,"column":14}},"28":{"start":{"line":112,"column":8},"end":{"line":121,"column":10},"skip":true},"29":{"start":{"line":119,"column":12},"end":{"line":119,"column":55},"skip":true},"30":{"start":{"line":120,"column":12},"end":{"line":120,"column":48},"skip":true},"31":{"start":{"line":123,"column":8},"end":{"line":136,"column":10},"skip":true},"32":{"start":{"line":130,"column":12},"end":{"line":130,"column":76},"skip":true},"33":{"start":{"line":131,"column":12},"end":{"line":131,"column":73},"skip":true},"34":{"start":{"line":132,"column":12},"end":{"line":132,"column":74},"skip":true},"35":{"start":{"line":133,"column":12},"end":{"line":133,"column":79},"skip":true},"36":{"start":{"line":134,"column":12},"end":{"line":134,"column":25},"skip":true},"37":{"start":{"line":135,"column":12},"end":{"line":135,"column":45},"skip":true},"38":{"start":{"line":138,"column":8},"end":{"line":145,"column":14},"skip":true},"39":{"start":{"line":143,"column":16},"end":{"line":143,"column":29},"skip":true},"40":{"start":{"line":144,"column":16},"end":{"line":144,"column":55},"skip":true},"41":{"start":{"line":147,"column":8},"end":{"line":156,"column":10},"skip":true},"42":{"start":{"line":154,"column":12},"end":{"line":154,"column":25},"skip":true},"43":{"start":{"line":155,"column":12},"end":{"line":155,"column":45},"skip":true},"44":{"start":{"line":158,"column":8},"end":{"line":167,"column":10},"skip":true},"45":{"start":{"line":165,"column":12},"end":{"line":165,"column":25},"skip":true},"46":{"start":{"line":166,"column":12},"end":{"line":166,"column":48},"skip":true},"47":{"start":{"line":169,"column":8},"end":{"line":178,"column":10},"skip":true},"48":{"start":{"line":176,"column":12},"end":{"line":176,"column":25},"skip":true},"49":{"start":{"line":177,"column":12},"end":{"line":177,"column":46},"skip":true},"50":{"start":{"line":180,"column":8},"end":{"line":189,"column":10},"skip":true},"51":{"start":{"line":187,"column":12},"end":{"line":187,"column":94},"skip":true},"52":{"start":{"line":188,"column":12},"end":{"line":188,"column":48},"skip":true},"53":{"start":{"line":192,"column":8},"end":{"line":192,"column":35},"skip":true},"54":{"start":{"line":193,"column":8},"end":{"line":193,"column":14},"skip":true}},"branchMap":{"1":{"line":25,"type":"binary-expr","locations":[{"start":{"line":25,"column":23},"end":{"line":25,"column":62}},{"start":{"line":26,"column":20},"end":{"line":26,"column":70}},{"start":{"line":27,"column":20},"end":{"line":27,"column":71}},{"start":{"line":28,"column":20},"end":{"line":28,"column":29}}]},"2":{"line":30,"type":"binary-expr","locations":[{"start":{"line":30,"column":23},"end":{"line":30,"column":37}},{"start":{"line":31,"column":20},"end":{"line":31,"column":61}},{"start":{"line":32,"column":20},"end":{"line":32,"column":70}},{"start":{"line":33,"column":20},"end":{"line":33,"column":26}}]},"3":{"line":37,"type":"cond-expr","locations":[{"start":{"line":38,"column":14},"end":{"line":38,"column":20}},{"start":{"line":39,"column":14},"end":{"line":39,"column":20}}]},"4":{"line":40,"type":"switch","locations":[{"start":{"line":42,"column":8},"end":{"line":47,"column":18}},{"start":{"line":49,"column":8},"end":{"line":52,"column":18}}]},"5":{"line":44,"type":"binary-expr","locations":[{"start":{"line":44,"column":16},"end":{"line":44,"column":44}},{"start":{"line":44,"column":48},"end":{"line":44,"column":66}}]},"6":{"line":50,"type":"binary-expr","locations":[{"start":{"line":50,"column":21},"end":{"line":50,"column":49}},{"start":{"line":50,"column":53},"end":{"line":50,"column":72}}]},"7":{"line":64,"type":"switch","locations":[{"start":{"line":69,"column":4},"end":{"line":70,"column":14}},{"start":{"line":75,"column":4},"end":{"line":76,"column":14}}]},"8":{"line":85,"type":"switch","locations":[{"start":{"line":90,"column":4},"end":{"line":105,"column":14}},{"start":{"line":111,"column":4},"end":{"line":193,"column":14},"skip":true}]},"9":{"line":91,"type":"binary-expr","locations":[{"start":{"line":91,"column":42},"end":{"line":91,"column":73}},{"start":{"line":91,"column":77},"end":{"line":99,"column":9}}]},"10":{"line":102,"type":"binary-expr","locations":[{"start":{"line":102,"column":18},"end":{"line":102,"column":32}},{"start":{"line":103,"column":12},"end":{"line":103,"column":53}},{"start":{"line":104,"column":12},"end":{"line":104,"column":61}}]},"11":{"line":112,"type":"binary-expr","locations":[{"start":{"line":112,"column":45},"end":{"line":112,"column":79},"skip":true},{"start":{"line":112,"column":83},"end":{"line":121,"column":9},"skip":true}]},"12":{"line":123,"type":"binary-expr","locations":[{"start":{"line":123,"column":42},"end":{"line":123,"column":73},"skip":true},{"start":{"line":123,"column":77},"end":{"line":136,"column":9},"skip":true}]},"13":{"line":138,"type":"binary-expr","locations":[{"start":{"line":138,"column":48},"end":{"line":138,"column":85},"skip":true},{"start":{"line":139,"column":12},"end":{"line":145,"column":13},"skip":true}]},"14":{"line":147,"type":"binary-expr","locations":[{"start":{"line":147,"column":42},"end":{"line":147,"column":73},"skip":true},{"start":{"line":147,"column":77},"end":{"line":156,"column":9},"skip":true}]},"15":{"line":158,"type":"binary-expr","locations":[{"start":{"line":158,"column":45},"end":{"line":158,"column":79},"skip":true},{"start":{"line":158,"column":83},"end":{"line":167,"column":9},"skip":true}]},"16":{"line":169,"type":"binary-expr","locations":[{"start":{"line":169,"column":43},"end":{"line":169,"column":75},"skip":true},{"start":{"line":169,"column":79},"end":{"line":178,"column":9},"skip":true}]},"17":{"line":180,"type":"binary-expr","locations":[{"start":{"line":180,"column":41},"end":{"line":180,"column":71},"skip":true},{"start":{"line":180,"column":75},"end":{"line":189,"column":9},"skip":true}]}},"code":["/* istanbul instrument in package npmtest_jscoverage */","/*jslint","    bitwise: true,","    browser: true,","    maxerr: 8,","    maxlen: 96,","    node: true,","    nomen: true,","    regexp: true,","    stupid: true","*/","(function () {","    'use strict';","    var local;","","","","    // run shared js-env code - pre-init","    (function () {","        // init local","        local = {};","        // init modeJs","        local.modeJs = (function () {","            try {","                return typeof navigator.userAgent === 'string' &&","                    typeof document.querySelector('body') === 'object' &&","                    typeof XMLHttpRequest.prototype.open === 'function' &&","                    'browser';","            } catch (errorCaughtBrowser) {","                return module.exports &&","                    typeof process.versions.node === 'string' &&","                    typeof require('http').createServer === 'function' &&","                    'node';","            }","        }());","        // init global","        local.global = local.modeJs === 'browser'","            ? window","            : global;","        switch (local.modeJs) {","        // re-init local from window.local","        case 'browser':","            local = local.global.utility2.objectSetDefault(","                local.global.utility2_rollup || local.global.local,","                local.global.utility2","            );","            break;","        // re-init local from example.js","        case 'node':","            local = (local.global.utility2_rollup || require('utility2'))","                .requireExampleJsFromReadme();","            break;","        }","        // export local","        local.global.local = local;","    }());","","","","    // run shared js-env code - function","    (function () {","        return;","    }());","    switch (local.modeJs) {","","","","    // run browser js-env code - function","    case 'browser':","        break;","","","","    // run node js-env code - function","    case 'node':","        break;","    }","","","","    // run shared js-env code - post-init","    (function () {","        return;","    }());","    switch (local.modeJs) {","","","","    // run browser js-env code - post-init","    case 'browser':","        local.testCase_browser_nullCase = local.testCase_browser_nullCase || function (","            options,","            onError","        ) {","        /*","         * this function will test browsers's null-case handling-behavior-behavior","         */","            onError(null, options);","        };","","        // run tests","        local.nop(local.modeTest &&","            document.querySelector('#testRunButton1') &&","            document.querySelector('#testRunButton1').click());","        break;","","","","    // run node js-env code - post-init","    /* istanbul ignore next */","    case 'node':","        local.testCase_buildApidoc_default = local.testCase_buildApidoc_default || function (","            options,","            onError","        ) {","        /*","         * this function will test buildApidoc's default handling-behavior-behavior","         */","            options = { modulePathList: module.paths };","            local.buildApidoc(options, onError);","        };","","        local.testCase_buildApp_default = local.testCase_buildApp_default || function (","            options,","            onError","        ) {","        /*","         * this function will test buildApp's default handling-behavior-behavior","         */","            local.testCase_buildReadme_default(options, local.onErrorThrow);","            local.testCase_buildLib_default(options, local.onErrorThrow);","            local.testCase_buildTest_default(options, local.onErrorThrow);","            local.testCase_buildCustomOrg_default(options, local.onErrorThrow);","            options = [];","            local.buildApp(options, onError);","        };","","        local.testCase_buildCustomOrg_default = local.testCase_buildCustomOrg_default ||","            function (options, onError) {","            /*","             * this function will test buildCustomOrg's default handling-behavior","             */","                options = {};","                local.buildCustomOrg(options, onError);","            };","","        local.testCase_buildLib_default = local.testCase_buildLib_default || function (","            options,","            onError","        ) {","        /*","         * this function will test buildLib's default handling-behavior","         */","            options = {};","            local.buildLib(options, onError);","        };","","        local.testCase_buildReadme_default = local.testCase_buildReadme_default || function (","            options,","            onError","        ) {","        /*","         * this function will test buildReadme's default handling-behavior-behavior","         */","            options = {};","            local.buildReadme(options, onError);","        };","","        local.testCase_buildTest_default = local.testCase_buildTest_default || function (","            options,","            onError","        ) {","        /*","         * this function will test buildTest's default handling-behavior","         */","            options = {};","            local.buildTest(options, onError);","        };","","        local.testCase_webpage_default = local.testCase_webpage_default || function (","            options,","            onError","        ) {","        /*","         * this function will test webpage's default handling-behavior","         */","            options = { modeCoverageMerge: true, url: local.serverLocalHost + '?modeTest=1' };","            local.browserTest(options, onError);","        };","","        // run test-server","        local.testRunServer(local);","        break;","    }","}());",""],"l":{"12":2,"14":2,"19":2,"21":2,"23":2,"24":2,"25":2,"30":1,"37":2,"40":2,"43":1,"47":1,"50":1,"52":1,"55":2,"61":2,"62":2,"64":2,"70":1,"76":1,"82":2,"83":2,"85":2,"91":1,"98":1,"102":1,"105":1,"112":1,"119":1,"120":1,"123":1,"130":1,"131":1,"132":1,"133":1,"134":1,"135":1,"138":1,"143":2,"144":2,"147":1,"154":2,"155":2,"158":1,"165":2,"166":2,"169":1,"176":2,"177":2,"180":1,"187":1,"188":1,"192":1,"193":1}},"/home/travis/build/npmtest/node-npmtest-jscoverage/lib.npmtest_jscoverage.js":{"path":"/home/travis/build/npmtest/node-npmtest-jscoverage/lib.npmtest_jscoverage.js","s":{"1":2,"2":2,"3":2,"4":2,"5":2,"6":2,"7":2,"8":1,"9":2,"10":2,"11":2,"12":2,"13":1,"14":1,"15":1,"16":1},"b":{"1":[2,1,1,1],"2":[1,1,1,1],"3":[1,1],"4":[2,2],"5":[1,1]},"f":{"1":2,"2":2,"3":2},"fnMap":{"1":{"name":"(anonymous_1)","line":12,"loc":{"start":{"line":12,"column":1},"end":{"line":12,"column":13}}},"2":{"name":"(anonymous_2)","line":19,"loc":{"start":{"line":19,"column":5},"end":{"line":19,"column":17}}},"3":{"name":"(anonymous_3)","line":23,"loc":{"start":{"line":23,"column":24},"end":{"line":23,"column":36}}}},"statementMap":{"1":{"start":{"line":12,"column":0},"end":{"line":53,"column":5}},"2":{"start":{"line":14,"column":4},"end":{"line":14,"column":14}},"3":{"start":{"line":19,"column":4},"end":{"line":52,"column":9}},"4":{"start":{"line":21,"column":8},"end":{"line":21,"column":19}},"5":{"start":{"line":23,"column":8},"end":{"line":35,"column":13}},"6":{"start":{"line":24,"column":12},"end":{"line":34,"column":13}},"7":{"start":{"line":25,"column":16},"end":{"line":28,"column":30}},"8":{"start":{"line":30,"column":16},"end":{"line":33,"column":27}},"9":{"start":{"line":37,"column":8},"end":{"line":39,"column":21}},"10":{"start":{"line":41,"column":8},"end":{"line":41,"column":54}},"11":{"start":{"line":43,"column":8},"end":{"line":43,"column":55}},"12":{"start":{"line":45,"column":8},"end":{"line":51,"column":9}},"13":{"start":{"line":46,"column":12},"end":{"line":46,"column":61}},"14":{"start":{"line":48,"column":12},"end":{"line":48,"column":35}},"15":{"start":{"line":49,"column":12},"end":{"line":49,"column":49}},"16":{"start":{"line":50,"column":12},"end":{"line":50,"column":43}}},"branchMap":{"1":{"line":25,"type":"binary-expr","locations":[{"start":{"line":25,"column":23},"end":{"line":25,"column":62}},{"start":{"line":26,"column":20},"end":{"line":26,"column":70}},{"start":{"line":27,"column":20},"end":{"line":27,"column":71}},{"start":{"line":28,"column":20},"end":{"line":28,"column":29}}]},"2":{"line":30,"type":"binary-expr","locations":[{"start":{"line":30,"column":23},"end":{"line":30,"column":37}},{"start":{"line":31,"column":20},"end":{"line":31,"column":61}},{"start":{"line":32,"column":20},"end":{"line":32,"column":70}},{"start":{"line":33,"column":20},"end":{"line":33,"column":26}}]},"3":{"line":37,"type":"cond-expr","locations":[{"start":{"line":38,"column":14},"end":{"line":38,"column":20}},{"start":{"line":39,"column":14},"end":{"line":39,"column":20}}]},"4":{"line":41,"type":"binary-expr","locations":[{"start":{"line":41,"column":16},"end":{"line":41,"column":44}},{"start":{"line":41,"column":48},"end":{"line":41,"column":53}}]},"5":{"line":45,"type":"if","locations":[{"start":{"line":45,"column":8},"end":{"line":45,"column":8}},{"start":{"line":45,"column":8},"end":{"line":45,"column":8}}]}},"code":["/* istanbul instrument in package npmtest_jscoverage */","/*jslint","    bitwise: true,","    browser: true,","    maxerr: 8,","    maxlen: 96,","    node: true,","    nomen: true,","    regexp: true,","    stupid: true","*/","(function () {","    'use strict';","    var local;","","","","    // run shared js-env code - pre-init","    (function () {","        // init local","        local = {};","        // init modeJs","        local.modeJs = (function () {","            try {","                return typeof navigator.userAgent === 'string' &&","                    typeof document.querySelector('body') === 'object' &&","                    typeof XMLHttpRequest.prototype.open === 'function' &&","                    'browser';","            } catch (errorCaughtBrowser) {","                return module.exports &&","                    typeof process.versions.node === 'string' &&","                    typeof require('http').createServer === 'function' &&","                    'node';","            }","        }());","        // init global","        local.global = local.modeJs === 'browser'","            ? window","            : global;","        // init utility2_rollup","        local = local.global.utility2_rollup || local;","        // init lib","        local.local = local.npmtest_jscoverage = local;","        // init exports","        if (local.modeJs === 'browser') {","            local.global.utility2_npmtest_jscoverage = local;","        } else {","            module.exports = local;","            module.exports.__dirname = __dirname;","            module.exports.module = module;","        }","    }());","}());",""],"l":{"12":2,"14":2,"19":2,"21":2,"23":2,"24":2,"25":2,"30":1,"37":2,"41":2,"43":2,"45":2,"46":1,"48":1,"49":1,"50":1}},"/home/travis/build/npmtest/node-npmtest-jscoverage/example.js":{"path":"/home/travis/build/npmtest/node-npmtest-jscoverage/example.js","s":{"1":2,"2":2,"3":2,"4":2,"5":2,"6":2,"7":2,"8":1,"9":2,"10":2,"11":2,"12":2,"13":1,"14":2,"15":2,"16":2,"17":2,"18":2,"19":0,"20":2,"21":1,"22":1,"23":1,"24":1,"25":1,"26":0,"27":0,"28":1,"29":1,"30":2,"31":0,"32":0,"33":0,"34":1,"35":2,"36":2,"37":3,"38":3,"39":3,"40":3,"41":0,"42":3,"43":3,"44":3,"45":1,"46":3,"47":1,"48":1,"49":1,"50":1,"51":1,"52":1,"53":1,"54":1,"55":1,"56":1,"57":0,"58":1,"59":6,"60":6,"61":1,"62":2,"63":0,"64":2,"65":1,"66":1,"67":0,"68":0,"69":0,"70":0,"71":0,"72":0,"73":0,"74":0,"75":0,"76":0,"77":0,"78":0,"79":0,"80":0,"81":0,"82":0,"83":0},"b":{"1":[2,1,1,1],"2":[1,1,1,1],"3":[1,1],"4":[2,2],"5":[1,1],"6":[1,1],"7":[2,0],"8":[2,1,1,1,1,1],"9":[0,2,0],"10":[1,1],"11":[2,1,1],"12":[1,0],"13":[0,2],"14":[2,0,0,0,0,0,0],"15":[0,3],"16":[3,0],"17":[1,1],"18":[0,1],"19":[1,2,0,2],"20":[1,0],"21":[1,1],"22":[0,0],"23":[0,0],"24":[0,0],"25":[0,0],"26":[0,0],"27":[0,0],"28":[0,0]},"f":{"1":2,"2":2,"3":2,"4":2,"5":2,"6":2,"7":3,"8":3,"9":3,"10":1,"11":6,"12":0},"fnMap":{"1":{"name":"(anonymous_1)","line":26,"loc":{"start":{"line":26,"column":1},"end":{"line":26,"column":13}}},"2":{"name":"(anonymous_2)","line":33,"loc":{"start":{"line":33,"column":5},"end":{"line":33,"column":17}}},"3":{"name":"(anonymous_3)","line":37,"loc":{"start":{"line":37,"column":24},"end":{"line":37,"column":36}}},"4":{"name":"(anonymous_4)","line":69,"loc":{"start":{"line":69,"column":31},"end":{"line":69,"column":48}},"skip":true},"5":{"name":"(anonymous_5)","line":78,"loc":{"start":{"line":78,"column":26},"end":{"line":78,"column":45}},"skip":true},"6":{"name":"(anonymous_6)","line":123,"loc":{"start":{"line":123,"column":33},"end":{"line":123,"column":48}},"skip":true},"7":{"name":"(anonymous_7)","line":125,"loc":{"start":{"line":125,"column":27},"end":{"line":125,"column":39}},"skip":true},"8":{"name":"(anonymous_8)","line":133,"loc":{"start":{"line":133,"column":59},"end":{"line":133,"column":74}},"skip":true},"9":{"name":"(anonymous_9)","line":143,"loc":{"start":{"line":143,"column":45},"end":{"line":143,"column":62}},"skip":true},"10":{"name":"(anonymous_10)","line":144,"loc":{"start":{"line":144,"column":73},"end":{"line":144,"column":92}},"skip":true},"11":{"name":"(anonymous_11)","line":272,"loc":{"start":{"line":272,"column":51},"end":{"line":272,"column":77}},"skip":true},"12":{"name":"(anonymous_12)","line":315,"loc":{"start":{"line":315,"column":32},"end":{"line":315,"column":61}},"skip":true}},"statementMap":{"1":{"start":{"line":26,"column":0},"end":{"line":326,"column":5}},"2":{"start":{"line":28,"column":4},"end":{"line":28,"column":14}},"3":{"start":{"line":33,"column":4},"end":{"line":60,"column":9}},"4":{"start":{"line":35,"column":8},"end":{"line":35,"column":19}},"5":{"start":{"line":37,"column":8},"end":{"line":49,"column":13}},"6":{"start":{"line":38,"column":12},"end":{"line":48,"column":13}},"7":{"start":{"line":39,"column":16},"end":{"line":42,"column":30}},"8":{"start":{"line":44,"column":16},"end":{"line":47,"column":27}},"9":{"start":{"line":51,"column":8},"end":{"line":53,"column":21}},"10":{"start":{"line":55,"column":8},"end":{"line":57,"column":45}},"11":{"start":{"line":59,"column":8},"end":{"line":59,"column":35}},"12":{"start":{"line":61,"column":4},"end":{"line":325,"column":5}},"13":{"start":{"line":69,"column":8},"end":{"line":121,"column":10},"skip":true},"14":{"start":{"line":70,"column":12},"end":{"line":88,"column":13},"skip":true},"15":{"start":{"line":76,"column":16},"end":{"line":87,"column":19},"skip":true},"16":{"start":{"line":79,"column":20},"end":{"line":86,"column":21},"skip":true},"17":{"start":{"line":82,"column":24},"end":{"line":82,"column":43},"skip":true},"18":{"start":{"line":83,"column":24},"end":{"line":83,"column":30},"skip":true},"19":{"start":{"line":85,"column":24},"end":{"line":85,"column":49},"skip":true},"20":{"start":{"line":89,"column":12},"end":{"line":107,"column":13},"skip":true},"21":{"start":{"line":92,"column":16},"end":{"line":102,"column":17},"skip":true},"22":{"start":{"line":93,"column":20},"end":{"line":93,"column":86},"skip":true},"23":{"start":{"line":94,"column":20},"end":{"line":95,"column":45},"skip":true},"24":{"start":{"line":96,"column":20},"end":{"line":96,"column":42},"skip":true},"25":{"start":{"line":97,"column":20},"end":{"line":97,"column":48},"skip":true},"26":{"start":{"line":100,"column":20},"end":{"line":100,"column":85},"skip":true},"27":{"start":{"line":101,"column":20},"end":{"line":101,"column":96},"skip":true},"28":{"start":{"line":103,"column":16},"end":{"line":103,"column":22},"skip":true},"29":{"start":{"line":106,"column":16},"end":{"line":106,"column":22},"skip":true},"30":{"start":{"line":108,"column":12},"end":{"line":120,"column":13},"skip":true},"31":{"start":{"line":114,"column":16},"end":{"line":119,"column":17},"skip":true},"32":{"start":{"line":116,"column":20},"end":{"line":116,"column":78},"skip":true},"33":{"start":{"line":118,"column":20},"end":{"line":118,"column":47},"skip":true},"34":{"start":{"line":123,"column":8},"end":{"line":141,"column":11},"skip":true},"35":{"start":{"line":124,"column":12},"end":{"line":124,"column":54},"skip":true},"36":{"start":{"line":125,"column":12},"end":{"line":140,"column":14},"skip":true},"37":{"start":{"line":126,"column":16},"end":{"line":126,"column":28},"skip":true},"38":{"start":{"line":127,"column":16},"end":{"line":127,"column":69},"skip":true},"39":{"start":{"line":128,"column":16},"end":{"line":128,"column":75},"skip":true},"40":{"start":{"line":129,"column":16},"end":{"line":131,"column":17},"skip":true},"41":{"start":{"line":130,"column":20},"end":{"line":130,"column":27},"skip":true},"42":{"start":{"line":133,"column":16},"end":{"line":137,"column":36},"skip":true},"43":{"start":{"line":134,"column":20},"end":{"line":136,"column":55},"skip":true},"44":{"start":{"line":139,"column":16},"end":{"line":139,"column":57},"skip":true},"45":{"start":{"line":143,"column":8},"end":{"line":147,"column":11},"skip":true},"46":{"start":{"line":144,"column":12},"end":{"line":146,"column":15},"skip":true},"47":{"start":{"line":145,"column":16},"end":{"line":145,"column":70},"skip":true},"48":{"start":{"line":149,"column":8},"end":{"line":149,"column":31},"skip":true},"49":{"start":{"line":150,"column":8},"end":{"line":150,"column":14},"skip":true},"50":{"start":{"line":158,"column":8},"end":{"line":158,"column":31},"skip":true},"51":{"start":{"line":160,"column":8},"end":{"line":160,"column":33},"skip":true},"52":{"start":{"line":161,"column":8},"end":{"line":161,"column":37},"skip":true},"53":{"start":{"line":162,"column":8},"end":{"line":162,"column":35},"skip":true},"54":{"start":{"line":164,"column":8},"end":{"line":164,"column":50},"skip":true},"55":{"start":{"line":166,"column":8},"end":{"line":256,"column":2},"skip":true},"56":{"start":{"line":258,"column":8},"end":{"line":286,"column":9},"skip":true},"57":{"start":{"line":259,"column":12},"end":{"line":269,"column":14},"skip":true},"58":{"start":{"line":271,"column":12},"end":{"line":285,"column":19},"skip":true},"59":{"start":{"line":274,"column":20},"end":{"line":274,"column":35},"skip":true},"60":{"start":{"line":275,"column":20},"end":{"line":284,"column":21},"skip":true},"61":{"start":{"line":277,"column":24},"end":{"line":277,"column":64},"skip":true},"62":{"start":{"line":279,"column":24},"end":{"line":279,"column":40},"skip":true},"63":{"start":{"line":281,"column":24},"end":{"line":281,"column":40},"skip":true},"64":{"start":{"line":283,"column":24},"end":{"line":283,"column":39},"skip":true},"65":{"start":{"line":288,"column":8},"end":{"line":290,"column":9},"skip":true},"66":{"start":{"line":289,"column":12},"end":{"line":289,"column":18},"skip":true},"67":{"start":{"line":291,"column":8},"end":{"line":293,"column":54},"skip":true},"68":{"start":{"line":296,"column":8},"end":{"line":301,"column":37},"skip":true},"69":{"start":{"line":303,"column":8},"end":{"line":303,"column":82},"skip":true},"70":{"start":{"line":306,"column":8},"end":{"line":308,"column":9},"skip":true},"71":{"start":{"line":307,"column":12},"end":{"line":307,"column":82},"skip":true},"72":{"start":{"line":310,"column":8},"end":{"line":312,"column":9},"skip":true},"73":{"start":{"line":311,"column":12},"end":{"line":311,"column":18},"skip":true},"74":{"start":{"line":313,"column":8},"end":{"line":313,"column":54},"skip":true},"75":{"start":{"line":314,"column":8},"end":{"line":314,"column":69},"skip":true},"76":{"start":{"line":315,"column":8},"end":{"line":323,"column":36},"skip":true},"77":{"start":{"line":316,"column":12},"end":{"line":316,"column":61},"skip":true},"78":{"start":{"line":317,"column":12},"end":{"line":320,"column":13},"skip":true},"79":{"start":{"line":318,"column":16},"end":{"line":318,"column":75},"skip":true},"80":{"start":{"line":319,"column":16},"end":{"line":319,"column":23},"skip":true},"81":{"start":{"line":321,"column":12},"end":{"line":321,"column":38},"skip":true},"82":{"start":{"line":322,"column":12},"end":{"line":322,"column":27},"skip":true},"83":{"start":{"line":324,"column":8},"end":{"line":324,"column":14},"skip":true}},"branchMap":{"1":{"line":39,"type":"binary-expr","locations":[{"start":{"line":39,"column":23},"end":{"line":39,"column":62}},{"start":{"line":40,"column":20},"end":{"line":40,"column":70}},{"start":{"line":41,"column":20},"end":{"line":41,"column":71}},{"start":{"line":42,"column":20},"end":{"line":42,"column":29}}]},"2":{"line":44,"type":"binary-expr","locations":[{"start":{"line":44,"column":23},"end":{"line":44,"column":37}},{"start":{"line":45,"column":20},"end":{"line":45,"column":61}},{"start":{"line":46,"column":20},"end":{"line":46,"column":70}},{"start":{"line":47,"column":20},"end":{"line":47,"column":26}}]},"3":{"line":51,"type":"cond-expr","locations":[{"start":{"line":52,"column":14},"end":{"line":52,"column":20}},{"start":{"line":53,"column":14},"end":{"line":53,"column":20}}]},"4":{"line":55,"type":"binary-expr","locations":[{"start":{"line":55,"column":16},"end":{"line":55,"column":44}},{"start":{"line":55,"column":49},"end":{"line":57,"column":43}}]},"5":{"line":55,"type":"cond-expr","locations":[{"start":{"line":56,"column":14},"end":{"line":56,"column":54}},{"start":{"line":57,"column":14},"end":{"line":57,"column":43}}]},"6":{"line":61,"type":"switch","locations":[{"start":{"line":68,"column":4},"end":{"line":150,"column":14},"skip":true},{"start":{"line":156,"column":4},"end":{"line":324,"column":14},"skip":true}]},"7":{"line":70,"type":"if","locations":[{"start":{"line":70,"column":12},"end":{"line":70,"column":12},"skip":true},{"start":{"line":70,"column":12},"end":{"line":70,"column":12},"skip":true}]},"8":{"line":70,"type":"binary-expr","locations":[{"start":{"line":70,"column":16},"end":{"line":70,"column":22},"skip":true},{"start":{"line":70,"column":27},"end":{"line":70,"column":32},"skip":true},{"start":{"line":71,"column":20},"end":{"line":71,"column":39},"skip":true},{"start":{"line":72,"column":20},"end":{"line":72,"column":49},"skip":true},{"start":{"line":73,"column":20},"end":{"line":73,"column":58},"skip":true},{"start":{"line":74,"column":20},"end":{"line":74,"column":69},"skip":true}]},"9":{"line":79,"type":"switch","locations":[{"start":{"line":80,"column":20},"end":{"line":80,"column":33},"skip":true},{"start":{"line":81,"column":20},"end":{"line":83,"column":30},"skip":true},{"start":{"line":84,"column":20},"end":{"line":85,"column":49},"skip":true}]},"10":{"line":89,"type":"switch","locations":[{"start":{"line":90,"column":12},"end":{"line":103,"column":22},"skip":true},{"start":{"line":105,"column":12},"end":{"line":106,"column":22},"skip":true}]},"11":{"line":89,"type":"binary-expr","locations":[{"start":{"line":89,"column":20},"end":{"line":89,"column":25},"skip":true},{"start":{"line":89,"column":29},"end":{"line":89,"column":48},"skip":true},{"start":{"line":89,"column":52},"end":{"line":89,"column":74},"skip":true}]},"12":{"line":92,"type":"if","locations":[{"start":{"line":92,"column":16},"end":{"line":92,"column":16},"skip":true},{"start":{"line":92,"column":16},"end":{"line":92,"column":16},"skip":true}]},"13":{"line":108,"type":"if","locations":[{"start":{"line":108,"column":12},"end":{"line":108,"column":12},"skip":true},{"start":{"line":108,"column":12},"end":{"line":108,"column":12},"skip":true}]},"14":{"line":108,"type":"binary-expr","locations":[{"start":{"line":108,"column":16},"end":{"line":108,"column":61},"skip":true},{"start":{"line":108,"column":66},"end":{"line":108,"column":72},"skip":true},{"start":{"line":108,"column":77},"end":{"line":108,"column":82},"skip":true},{"start":{"line":109,"column":20},"end":{"line":109,"column":39},"skip":true},{"start":{"line":110,"column":20},"end":{"line":110,"column":49},"skip":true},{"start":{"line":111,"column":20},"end":{"line":111,"column":58},"skip":true},{"start":{"line":112,"column":20},"end":{"line":112,"column":68},"skip":true}]},"15":{"line":129,"type":"if","locations":[{"start":{"line":129,"column":16},"end":{"line":129,"column":16},"skip":true},{"start":{"line":129,"column":16},"end":{"line":129,"column":16},"skip":true}]},"16":{"line":134,"type":"cond-expr","locations":[{"start":{"line":135,"column":26},"end":{"line":135,"column":29},"skip":true},{"start":{"line":136,"column":26},"end":{"line":136,"column":54},"skip":true}]},"17":{"line":164,"type":"binary-expr","locations":[{"start":{"line":164,"column":27},"end":{"line":164,"column":43},"skip":true},{"start":{"line":164,"column":47},"end":{"line":164,"column":49},"skip":true}]},"18":{"line":258,"type":"if","locations":[{"start":{"line":258,"column":8},"end":{"line":258,"column":8},"skip":true},{"start":{"line":258,"column":8},"end":{"line":258,"column":8},"skip":true}]},"19":{"line":275,"type":"switch","locations":[{"start":{"line":276,"column":20},"end":{"line":277,"column":64},"skip":true},{"start":{"line":278,"column":20},"end":{"line":279,"column":40},"skip":true},{"start":{"line":280,"column":20},"end":{"line":281,"column":40},"skip":true},{"start":{"line":282,"column":20},"end":{"line":283,"column":39},"skip":true}]},"20":{"line":288,"type":"if","locations":[{"start":{"line":288,"column":8},"end":{"line":288,"column":8},"skip":true},{"start":{"line":288,"column":8},"end":{"line":288,"column":8},"skip":true}]},"21":{"line":288,"type":"binary-expr","locations":[{"start":{"line":288,"column":12},"end":{"line":288,"column":40},"skip":true},{"start":{"line":288,"column":44},"end":{"line":288,"column":67},"skip":true}]},"22":{"line":292,"type":"binary-expr","locations":[{"start":{"line":292,"column":12},"end":{"line":292,"column":50},"skip":true},{"start":{"line":293,"column":12},"end":{"line":293,"column":53},"skip":true}]},"23":{"line":297,"type":"binary-expr","locations":[{"start":{"line":297,"column":12},"end":{"line":297,"column":68},"skip":true},{"start":{"line":298,"column":12},"end":{"line":301,"column":36},"skip":true}]},"24":{"line":303,"type":"binary-expr","locations":[{"start":{"line":303,"column":43},"end":{"line":303,"column":75},"skip":true},{"start":{"line":303,"column":79},"end":{"line":303,"column":81},"skip":true}]},"25":{"line":306,"type":"if","locations":[{"start":{"line":306,"column":8},"end":{"line":306,"column":8},"skip":true},{"start":{"line":306,"column":8},"end":{"line":306,"column":8},"skip":true}]},"26":{"line":310,"type":"if","locations":[{"start":{"line":310,"column":8},"end":{"line":310,"column":8},"skip":true},{"start":{"line":310,"column":8},"end":{"line":310,"column":8},"skip":true}]},"27":{"line":313,"type":"binary-expr","locations":[{"start":{"line":313,"column":27},"end":{"line":313,"column":43},"skip":true},{"start":{"line":313,"column":47},"end":{"line":313,"column":53},"skip":true}]},"28":{"line":317,"type":"if","locations":[{"start":{"line":317,"column":12},"end":{"line":317,"column":12},"skip":true},{"start":{"line":317,"column":12},"end":{"line":317,"column":12},"skip":true}]}},"code":["/*","example.js","","quickstart example","","instruction","    1. save this script as example.js","    2. run the shell command:","        $ npm install npmtest-jscoverage && PORT=8081 node example.js","    3. play with the browser-demo on http://127.0.0.1:8081","*/","","","","/* istanbul instrument in package npmtest_jscoverage */","/*jslint","    bitwise: true,","    browser: true,","    maxerr: 8,","    maxlen: 96,","    node: true,","    nomen: true,","    regexp: true,","    stupid: true","*/","(function () {","    'use strict';","    var local;","","","","    // run shared js-env code - pre-init","    (function () {","        // init local","        local = {};","        // init modeJs","        local.modeJs = (function () {","            try {","                return typeof navigator.userAgent === 'string' &&","                    typeof document.querySelector('body') === 'object' &&","                    typeof XMLHttpRequest.prototype.open === 'function' &&","                    'browser';","            } catch (errorCaughtBrowser) {","                return module.exports &&","                    typeof process.versions.node === 'string' &&","                    typeof require('http').createServer === 'function' &&","                    'node';","            }","        }());","        // init global","        local.global = local.modeJs === 'browser'","            ? window","            : global;","        // init utility2_rollup","        local = local.global.utility2_rollup || (local.modeJs === 'browser'","            ? local.global.utility2_npmtest_jscoverage","            : global.utility2_moduleExports);","        // export local","        local.global.local = local;","    }());","    switch (local.modeJs) {","","","","    // post-init","    // run browser js-env code - post-init","    /* istanbul ignore next */","    case 'browser':","        local.testRunBrowser = function (event) {","            if (!event || (event &&","                    event.currentTarget &&","                    event.currentTarget.className &&","                    event.currentTarget.className.includes &&","                    event.currentTarget.className.includes('onreset'))) {","                // reset output","                Array.from(","                    document.querySelectorAll('body > .resettable')","                ).forEach(function (element) {","                    switch (element.tagName) {","                    case 'INPUT':","                    case 'TEXTAREA':","                        element.value = '';","                        break;","                    default:","                        element.textContent = '';","                    }","                });","            }","            switch (event && event.currentTarget && event.currentTarget.id) {","            case 'testRunButton1':","                // show tests","                if (document.querySelector('#testReportDiv1').style.display === 'none') {","                    document.querySelector('#testReportDiv1').style.display = 'block';","                    document.querySelector('#testRunButton1').textContent =","                        'hide internal test';","                    local.modeTest = true;","                    local.testRunDefault(local);","                // hide tests","                } else {","                    document.querySelector('#testReportDiv1').style.display = 'none';","                    document.querySelector('#testRunButton1').textContent = 'run internal test';","                }","                break;","            // custom-case","            default:","                break;","            }","            if (document.querySelector('#inputTextareaEval1') && (!event || (event &&","                    event.currentTarget &&","                    event.currentTarget.className &&","                    event.currentTarget.className.includes &&","                    event.currentTarget.className.includes('oneval')))) {","                // try to eval input-code","                try {","                    /*jslint evil: true*/","                    eval(document.querySelector('#inputTextareaEval1').value);","                } catch (errorCaught) {","                    console.error(errorCaught);","                }","            }","        };","        // log stderr and stdout to #outputTextareaStdout1","        ['error', 'log'].forEach(function (key) {","            console[key + '_original'] = console[key];","            console[key] = function () {","                var element;","                console[key + '_original'].apply(console, arguments);","                element = document.querySelector('#outputTextareaStdout1');","                if (!element) {","                    return;","                }","                // append text to #outputTextareaStdout1","                element.value += Array.from(arguments).map(function (arg) {","                    return typeof arg === 'string'","                        ? arg","                        : JSON.stringify(arg, null, 4);","                }).join(' ') + '\\n';","                // scroll textarea to bottom","                element.scrollTop = element.scrollHeight;","            };","        });","        // init event-handling","        ['change', 'click', 'keyup'].forEach(function (event) {","            Array.from(document.querySelectorAll('.on' + event)).forEach(function (element) {","                element.addEventListener(event, local.testRunBrowser);","            });","        });","        // run tests","        local.testRunBrowser();","        break;","","","","    // run node js-env code - post-init","    /* istanbul ignore next */","    case 'node':","        // export local","        module.exports = local;","        // require modules","        local.fs = require('fs');","        local.http = require('http');","        local.url = require('url');","        // init assets","        local.assetsDict = local.assetsDict || {};","        /* jslint-ignore-begin */","        local.assetsDict['/assets.index.template.html'] = '\\","<!doctype html>\\n\\","<html lang=\"en\">\\n\\","<head>\\n\\","<meta charset=\"UTF-8\">\\n\\","<meta name=\"viewport\" content=\"width=device-width, initial-scale=1\">\\n\\","<title>{{env.npm_package_name}} (v{{env.npm_package_version}})</title>\\n\\","<style>\\n\\","/*csslint\\n\\","    box-sizing: false,\\n\\","    universal-selector: false\\n\\","*/\\n\\","* {\\n\\","    box-sizing: border-box;\\n\\","}\\n\\","body {\\n\\","    background: #dde;\\n\\","    font-family: Arial, Helvetica, sans-serif;\\n\\","    margin: 2rem;\\n\\","}\\n\\","body > * {\\n\\","    margin-bottom: 1rem;\\n\\","}\\n\\",".utility2FooterDiv {\\n\\","    margin-top: 20px;\\n\\","    text-align: center;\\n\\","}\\n\\","</style>\\n\\","<style>\\n\\","/*csslint\\n\\","*/\\n\\","textarea {\\n\\","    font-family: monospace;\\n\\","    height: 10rem;\\n\\","    width: 100%;\\n\\","}\\n\\","textarea[readonly] {\\n\\","    background: #ddd;\\n\\","}\\n\\","</style>\\n\\","</head>\\n\\","<body>\\n\\","<!-- utility2-comment\\n\\","<div id=\"ajaxProgressDiv1\" style=\"background: #d00; height: 2px; left: 0; margin: 0; padding: 0; position: fixed; top: 0; transition: background 0.5s, width 1.5s; width: 25%;\"></div>\\n\\","utility2-comment -->\\n\\","<h1>\\n\\","<!-- utility2-comment\\n\\","    <a\\n\\","        {{#if env.npm_package_homepage}}\\n\\","        href=\"{{env.npm_package_homepage}}\"\\n\\","        {{/if env.npm_package_homepage}}\\n\\","        target=\"_blank\"\\n\\","    >\\n\\","utility2-comment -->\\n\\","        {{env.npm_package_name}} (v{{env.npm_package_version}})\\n\\","<!-- utility2-comment\\n\\","    </a>\\n\\","utility2-comment -->\\n\\","</h1>\\n\\","<h3>{{env.npm_package_description}}</h3>\\n\\","<!-- utility2-comment\\n\\","<h4><a download href=\"assets.app.js\">download standalone app</a></h4>\\n\\","<button class=\"onclick onreset\" id=\"testRunButton1\">run internal test</button><br>\\n\\","<div id=\"testReportDiv1\" style=\"display: none;\"></div>\\n\\","utility2-comment -->\\n\\","\\n\\","\\n\\","\\n\\","<label>stderr and stdout</label>\\n\\","<textarea class=\"resettable\" id=\"outputTextareaStdout1\" readonly></textarea>\\n\\","<!-- utility2-comment\\n\\","{{#if isRollup}}\\n\\","<script src=\"assets.app.js\"></script>\\n\\","{{#unless isRollup}}\\n\\","utility2-comment -->\\n\\","<script src=\"assets.utility2.rollup.js\"></script>\\n\\","<script src=\"jsonp.utility2._stateInit?callback=window.utility2._stateInit\"></script>\\n\\","<script src=\"assets.npmtest_jscoverage.rollup.js\"></script>\\n\\","<script src=\"assets.example.js\"></script>\\n\\","<script src=\"assets.test.js\"></script>\\n\\","<!-- utility2-comment\\n\\","{{/if isRollup}}\\n\\","utility2-comment -->\\n\\","<div class=\"utility2FooterDiv\">\\n\\","    [ this app was created with\\n\\","    <a href=\"https://github.com/kaizhu256/node-utility2\" target=\"_blank\">utility2</a>\\n\\","    ]\\n\\","</div>\\n\\","</body>\\n\\","</html>\\n\\","';","        /* jslint-ignore-end */","        if (local.templateRender) {","            local.assetsDict['/'] = local.templateRender(","                local.assetsDict['/assets.index.template.html'],","                {","                    env: local.objectSetDefault(local.env, {","                        npm_package_description: 'the greatest app in the world!',","                        npm_package_name: 'my-app',","                        npm_package_nameAlias: 'my_app',","                        npm_package_version: '0.0.1'","                    })","                }","            );","        } else {","            local.assetsDict['/'] = local.assetsDict['/assets.index.template.html']","                .replace((/\\{\\{env\\.(\\w+?)\\}\\}/g), function (match0, match1) {","                    // jslint-hack","                    String(match0);","                    switch (match1) {","                    case 'npm_package_description':","                        return 'the greatest app in the world!';","                    case 'npm_package_name':","                        return 'my-app';","                    case 'npm_package_nameAlias':","                        return 'my_app';","                    case 'npm_package_version':","                        return '0.0.1';","                    }","                });","        }","        // run the cli","        if (local.global.utility2_rollup || module !== require.main) {","            break;","        }","        local.assetsDict['/assets.example.js'] =","            local.assetsDict['/assets.example.js'] ||","            local.fs.readFileSync(__filename, 'utf8');","        // bug-workaround - long $npm_package_buildCustomOrg","        /* jslint-ignore-begin */","        local.assetsDict['/assets.npmtest_jscoverage.rollup.js'] =","            local.assetsDict['/assets.npmtest_jscoverage.rollup.js'] ||","            local.fs.readFileSync(","                local.npmtest_jscoverage.__dirname + '/lib.npmtest_jscoverage.js',","                'utf8'","            ).replace((/^#!/), '//');","        /* jslint-ignore-end */","        local.assetsDict['/favicon.ico'] = local.assetsDict['/favicon.ico'] || '';","        // if $npm_config_timeout_exit exists,","        // then exit this process after $npm_config_timeout_exit ms","        if (Number(process.env.npm_config_timeout_exit)) {","            setTimeout(process.exit, Number(process.env.npm_config_timeout_exit));","        }","        // start server","        if (local.global.utility2_serverHttp1) {","            break;","        }","        process.env.PORT = process.env.PORT || '8081';","        console.error('server starting on port ' + process.env.PORT);","        local.http.createServer(function (request, response) {","            request.urlParsed = local.url.parse(request.url);","            if (local.assetsDict[request.urlParsed.pathname] !== undefined) {","                response.end(local.assetsDict[request.urlParsed.pathname]);","                return;","            }","            response.statusCode = 404;","            response.end();","        }).listen(process.env.PORT);","        break;","    }","}());",""],"l":{"26":2,"28":2,"33":2,"35":2,"37":2,"38":2,"39":2,"44":1,"51":2,"55":2,"59":2,"61":2,"69":1,"70":2,"76":2,"79":2,"82":2,"83":2,"85":1,"89":2,"92":1,"93":1,"94":1,"96":1,"97":1,"100":1,"101":1,"103":1,"106":1,"108":2,"114":1,"116":1,"118":1,"123":1,"124":2,"125":2,"126":3,"127":3,"128":3,"129":3,"130":1,"133":3,"134":3,"139":3,"143":1,"144":3,"145":1,"149":1,"150":1,"158":1,"160":1,"161":1,"162":1,"164":1,"166":1,"258":1,"259":1,"271":1,"274":6,"275":6,"277":1,"279":2,"281":1,"283":2,"288":1,"289":1,"291":1,"296":1,"303":1,"306":1,"307":1,"310":1,"311":1,"313":1,"314":1,"315":1,"316":1,"317":1,"318":1,"319":1,"321":1,"322":1,"324":1}},"/home/travis/build/npmtest/node-npmtest-jscoverage/node_modules/jscoverage/index.js":{"path":"/home/travis/build/npmtest/node-npmtest-jscoverage/node_modules/jscoverage/index.js","s":{"1":1,"2":1,"3":1,"4":1,"5":1,"6":1,"7":1,"8":1,"9":1,"10":1,"11":1,"12":1,"13":0,"14":1,"15":0,"16":1,"17":1,"18":0,"19":0,"20":0,"21":0,"22":0,"23":0,"24":0,"25":0,"26":0,"27":0,"28":0,"29":0,"30":0,"31":0,"32":0,"33":0,"34":0,"35":0,"36":0,"37":0,"38":0,"39":0,"40":0,"41":0,"42":0,"43":0,"44":0,"45":0,"46":0,"47":0,"48":0,"49":0,"50":0,"51":0,"52":0,"53":0,"54":0,"55":0,"56":0,"57":0,"58":0,"59":0,"60":0,"61":0,"62":0,"63":0,"64":0,"65":0,"66":0,"67":0,"68":0,"69":0,"70":0,"71":0,"72":0,"73":1,"74":1,"75":1,"76":0,"77":0,"78":0,"79":1,"80":1,"81":0,"82":0,"83":0,"84":0,"85":0,"86":0,"87":0,"88":0,"89":0,"90":0,"91":0,"92":0,"93":0,"94":0,"95":0,"96":0,"97":0,"98":0,"99":0,"100":0,"101":0,"102":0,"103":0,"104":0,"105":0,"106":0,"107":1,"108":0,"109":1,"110":0,"111":0,"112":0,"113":0,"114":0,"115":0,"116":0,"117":0,"118":0,"119":0,"120":0,"121":0,"122":0,"123":0,"124":0,"125":0,"126":0,"127":0,"128":0,"129":0,"130":0,"131":0,"132":0,"133":0,"134":0,"135":0,"136":0,"137":0,"138":0,"139":0,"140":0,"141":0,"142":0,"143":0,"144":0,"145":0,"146":0,"147":0,"148":0,"149":1,"150":0,"151":0,"152":0,"153":0,"154":0,"155":0,"156":0,"157":0,"158":0,"159":0,"160":0,"161":0,"162":0,"163":0,"164":0,"165":0,"166":0,"167":0,"168":0,"169":0,"170":0},"b":{"1":[0,1],"2":[0,1],"3":[1,1],"4":[0,0],"5":[0,0],"6":[0,0],"7":[0,0],"8":[0,0],"9":[0,0],"10":[0,0],"11":[0,0],"12":[0,0],"13":[0,0],"14":[0,0],"15":[0,0],"16":[0,0],"17":[0,0],"18":[0,0],"19":[0,0],"20":[0,0],"21":[0,0],"22":[0,0],"23":[0,0],"24":[0,0],"25":[0,0],"26":[0,0],"27":[0,0],"28":[0,0],"29":[0,0],"30":[0,0],"31":[0,0],"32":[0,0],"33":[0,0],"34":[0,0],"35":[0,0],"36":[0,0],"37":[0,0]},"f":{"1":0,"2":0,"3":0,"4":0,"5":0,"6":0,"7":0,"8":0,"9":0,"10":0},"fnMap":{"1":{"name":"prepareMocha","line":31,"loc":{"start":{"line":31,"column":0},"end":{"line":31,"column":24}}},"2":{"name":"(anonymous_2)","line":59,"loc":{"start":{"line":59,"column":19},"end":{"line":59,"column":31}}},"3":{"name":"(anonymous_3)","line":61,"loc":{"start":{"line":61,"column":12},"end":{"line":61,"column":24}}},"4":{"name":"(anonymous_4)","line":116,"loc":{"start":{"line":116,"column":20},"end":{"line":116,"column":39}}},"5":{"name":"(anonymous_5)","line":149,"loc":{"start":{"line":149,"column":17},"end":{"line":149,"column":32}}},"6":{"name":"(anonymous_6)","line":170,"loc":{"start":{"line":170,"column":22},"end":{"line":170,"column":54}}},"7":{"name":"fixData","line":213,"loc":{"start":{"line":213,"column":0},"end":{"line":213,"column":22}}},"8":{"name":"(anonymous_8)","line":220,"loc":{"start":{"line":220,"column":24},"end":{"line":220,"column":36}}},"9":{"name":"(anonymous_9)","line":287,"loc":{"start":{"line":287,"column":18},"end":{"line":287,"column":30}}},"10":{"name":"(anonymous_10)","line":296,"loc":{"start":{"line":296,"column":36},"end":{"line":296,"column":52}}}},"statementMap":{"1":{"start":{"line":8,"column":0},"end":{"line":8,"column":36}},"2":{"start":{"line":9,"column":0},"end":{"line":9,"column":43}},"3":{"start":{"line":10,"column":0},"end":{"line":10,"column":24}},"4":{"start":{"line":11,"column":0},"end":{"line":11,"column":27}},"5":{"start":{"line":12,"column":0},"end":{"line":12,"column":36}},"6":{"start":{"line":13,"column":0},"end":{"line":13,"column":35}},"7":{"start":{"line":14,"column":0},"end":{"line":14,"column":41}},"8":{"start":{"line":15,"column":0},"end":{"line":15,"column":21}},"9":{"start":{"line":16,"column":0},"end":{"line":16,"column":23}},"10":{"start":{"line":17,"column":0},"end":{"line":17,"column":33}},"11":{"start":{"line":18,"column":0},"end":{"line":18,"column":22}},"12":{"start":{"line":19,"column":0},"end":{"line":21,"column":1}},"13":{"start":{"line":20,"column":2},"end":{"line":20,"column":20}},"14":{"start":{"line":23,"column":0},"end":{"line":25,"column":1}},"15":{"start":{"line":24,"column":2},"end":{"line":24,"column":17}},"16":{"start":{"line":26,"column":0},"end":{"line":26,"column":57}},"17":{"start":{"line":31,"column":0},"end":{"line":127,"column":1}},"18":{"start":{"line":32,"column":2},"end":{"line":32,"column":33}},"19":{"start":{"line":33,"column":2},"end":{"line":33,"column":26}},"20":{"start":{"line":34,"column":2},"end":{"line":34,"column":31}},"21":{"start":{"line":35,"column":2},"end":{"line":37,"column":3}},"22":{"start":{"line":36,"column":4},"end":{"line":36,"column":11}},"23":{"start":{"line":38,"column":2},"end":{"line":38,"column":34}},"24":{"start":{"line":39,"column":2},"end":{"line":52,"column":3}},"25":{"start":{"line":40,"column":4},"end":{"line":40,"column":34}},"26":{"start":{"line":41,"column":4},"end":{"line":45,"column":6}},"27":{"start":{"line":47,"column":4},"end":{"line":51,"column":6}},"28":{"start":{"line":53,"column":2},"end":{"line":53,"column":30}},"29":{"start":{"line":58,"column":2},"end":{"line":58,"column":49}},"30":{"start":{"line":59,"column":2},"end":{"line":95,"column":5}},"31":{"start":{"line":60,"column":4},"end":{"line":94,"column":5}},"32":{"start":{"line":61,"column":6},"end":{"line":91,"column":9}},"33":{"start":{"line":62,"column":8},"end":{"line":64,"column":9}},"34":{"start":{"line":63,"column":10},"end":{"line":63,"column":17}},"35":{"start":{"line":65,"column":8},"end":{"line":65,"column":25}},"36":{"start":{"line":66,"column":8},"end":{"line":68,"column":9}},"37":{"start":{"line":67,"column":10},"end":{"line":67,"column":17}},"38":{"start":{"line":69,"column":8},"end":{"line":90,"column":9}},"39":{"start":{"line":70,"column":10},"end":{"line":72,"column":11}},"40":{"start":{"line":71,"column":12},"end":{"line":71,"column":19}},"41":{"start":{"line":73,"column":10},"end":{"line":80,"column":11}},"42":{"start":{"line":74,"column":12},"end":{"line":74,"column":49}},"43":{"start":{"line":75,"column":12},"end":{"line":79,"column":13}},"44":{"start":{"line":76,"column":14},"end":{"line":76,"column":35}},"45":{"start":{"line":78,"column":14},"end":{"line":78,"column":35}},"46":{"start":{"line":81,"column":10},"end":{"line":81,"column":23}},"47":{"start":{"line":82,"column":10},"end":{"line":86,"column":11}},"48":{"start":{"line":83,"column":12},"end":{"line":83,"column":60}},"49":{"start":{"line":85,"column":12},"end":{"line":85,"column":44}},"50":{"start":{"line":87,"column":10},"end":{"line":87,"column":102}},"51":{"start":{"line":89,"column":10},"end":{"line":89,"column":65}},"52":{"start":{"line":96,"column":2},"end":{"line":99,"column":3}},"53":{"start":{"line":97,"column":4},"end":{"line":97,"column":31}},"54":{"start":{"line":98,"column":4},"end":{"line":98,"column":29}},"55":{"start":{"line":100,"column":2},"end":{"line":108,"column":3}},"56":{"start":{"line":101,"column":4},"end":{"line":107,"column":5}},"57":{"start":{"line":102,"column":6},"end":{"line":102,"column":43}},"58":{"start":{"line":103,"column":6},"end":{"line":103,"column":41}},"59":{"start":{"line":104,"column":6},"end":{"line":104,"column":38}},"60":{"start":{"line":106,"column":6},"end":{"line":106,"column":13}},"61":{"start":{"line":109,"column":2},"end":{"line":114,"column":3}},"62":{"start":{"line":110,"column":4},"end":{"line":110,"column":70}},"63":{"start":{"line":111,"column":4},"end":{"line":111,"column":38}},"64":{"start":{"line":113,"column":4},"end":{"line":113,"column":76}},"65":{"start":{"line":115,"column":2},"end":{"line":115,"column":19}},"66":{"start":{"line":116,"column":2},"end":{"line":124,"column":5}},"67":{"start":{"line":117,"column":4},"end":{"line":119,"column":5}},"68":{"start":{"line":118,"column":6},"end":{"line":118,"column":13}},"69":{"start":{"line":120,"column":4},"end":{"line":122,"column":5}},"70":{"start":{"line":121,"column":6},"end":{"line":121,"column":24}},"71":{"start":{"line":123,"column":4},"end":{"line":123,"column":75}},"72":{"start":{"line":126,"column":2},"end":{"line":126,"column":66}},"73":{"start":{"line":129,"column":0},"end":{"line":129,"column":45}},"74":{"start":{"line":135,"column":0},"end":{"line":135,"column":42}},"75":{"start":{"line":149,"column":0},"end":{"line":154,"column":2}},"76":{"start":{"line":150,"column":2},"end":{"line":150,"column":52}},"77":{"start":{"line":151,"column":2},"end":{"line":153,"column":3}},"78":{"start":{"line":152,"column":4},"end":{"line":152,"column":33}},"79":{"start":{"line":161,"column":0},"end":{"line":161,"column":37}},"80":{"start":{"line":170,"column":0},"end":{"line":211,"column":2}},"81":{"start":{"line":171,"column":2},"end":{"line":171,"column":14}},"82":{"start":{"line":172,"column":2},"end":{"line":172,"column":12}},"83":{"start":{"line":174,"column":2},"end":{"line":183,"column":3}},"84":{"start":{"line":175,"column":4},"end":{"line":175,"column":32}},"85":{"start":{"line":176,"column":4},"end":{"line":180,"column":5}},"86":{"start":{"line":177,"column":6},"end":{"line":177,"column":37}},"87":{"start":{"line":178,"column":11},"end":{"line":180,"column":5}},"88":{"start":{"line":179,"column":6},"end":{"line":179,"column":52}},"89":{"start":{"line":182,"column":4},"end":{"line":182,"column":45}},"90":{"start":{"line":185,"column":2},"end":{"line":185,"column":38}},"91":{"start":{"line":187,"column":2},"end":{"line":187,"column":47}},"92":{"start":{"line":188,"column":2},"end":{"line":188,"column":22}},"93":{"start":{"line":189,"column":2},"end":{"line":191,"column":3}},"94":{"start":{"line":190,"column":4},"end":{"line":190,"column":32}},"95":{"start":{"line":193,"column":2},"end":{"line":197,"column":3}},"96":{"start":{"line":194,"column":4},"end":{"line":194,"column":45}},"97":{"start":{"line":195,"column":4},"end":{"line":195,"column":50}},"98":{"start":{"line":196,"column":4},"end":{"line":196,"column":47}},"99":{"start":{"line":199,"column":2},"end":{"line":199,"column":33}},"100":{"start":{"line":200,"column":2},"end":{"line":205,"column":3}},"101":{"start":{"line":201,"column":4},"end":{"line":201,"column":48}},"102":{"start":{"line":202,"column":4},"end":{"line":204,"column":7}},"103":{"start":{"line":206,"column":2},"end":{"line":206,"column":42}},"104":{"start":{"line":207,"column":2},"end":{"line":209,"column":3}},"105":{"start":{"line":208,"column":4},"end":{"line":208,"column":32}},"106":{"start":{"line":210,"column":2},"end":{"line":210,"column":34}},"107":{"start":{"line":213,"column":0},"end":{"line":215,"column":1}},"108":{"start":{"line":214,"column":2},"end":{"line":214,"column":41}},"109":{"start":{"line":220,"column":0},"end":{"line":281,"column":2}},"110":{"start":{"line":221,"column":2},"end":{"line":221,"column":11}},"111":{"start":{"line":222,"column":2},"end":{"line":222,"column":10}},"112":{"start":{"line":223,"column":2},"end":{"line":223,"column":16}},"113":{"start":{"line":224,"column":2},"end":{"line":224,"column":15}},"114":{"start":{"line":225,"column":2},"end":{"line":225,"column":18}},"115":{"start":{"line":226,"column":2},"end":{"line":226,"column":17}},"116":{"start":{"line":227,"column":2},"end":{"line":227,"column":13}},"117":{"start":{"line":228,"column":2},"end":{"line":228,"column":17}},"118":{"start":{"line":229,"column":2},"end":{"line":229,"column":36}},"119":{"start":{"line":230,"column":2},"end":{"line":230,"column":26}},"120":{"start":{"line":231,"column":2},"end":{"line":233,"column":3}},"121":{"start":{"line":232,"column":4},"end":{"line":232,"column":11}},"122":{"start":{"line":234,"column":2},"end":{"line":279,"column":3}},"123":{"start":{"line":235,"column":4},"end":{"line":235,"column":13}},"124":{"start":{"line":236,"column":4},"end":{"line":236,"column":26}},"125":{"start":{"line":237,"column":4},"end":{"line":239,"column":5}},"126":{"start":{"line":238,"column":6},"end":{"line":238,"column":15}},"127":{"start":{"line":241,"column":4},"end":{"line":241,"column":29}},"128":{"start":{"line":242,"column":4},"end":{"line":242,"column":33}},"129":{"start":{"line":244,"column":4},"end":{"line":251,"column":5}},"130":{"start":{"line":245,"column":6},"end":{"line":250,"column":7}},"131":{"start":{"line":246,"column":8},"end":{"line":246,"column":21}},"132":{"start":{"line":247,"column":8},"end":{"line":249,"column":9}},"133":{"start":{"line":248,"column":10},"end":{"line":248,"column":22}},"134":{"start":{"line":253,"column":4},"end":{"line":253,"column":29}},"135":{"start":{"line":254,"column":4},"end":{"line":254,"column":21}},"136":{"start":{"line":255,"column":4},"end":{"line":269,"column":5}},"137":{"start":{"line":256,"column":6},"end":{"line":267,"column":7}},"138":{"start":{"line":257,"column":8},"end":{"line":257,"column":30}},"139":{"start":{"line":258,"column":8},"end":{"line":258,"column":25}},"140":{"start":{"line":259,"column":8},"end":{"line":259,"column":40}},"141":{"start":{"line":260,"column":8},"end":{"line":260,"column":41}},"142":{"start":{"line":261,"column":8},"end":{"line":263,"column":9}},"143":{"start":{"line":262,"column":10},"end":{"line":262,"column":33}},"144":{"start":{"line":264,"column":8},"end":{"line":264,"column":48}},"145":{"start":{"line":266,"column":8},"end":{"line":266,"column":22}},"146":{"start":{"line":268,"column":6},"end":{"line":268,"column":21}},"147":{"start":{"line":270,"column":4},"end":{"line":278,"column":6}},"148":{"start":{"line":280,"column":2},"end":{"line":280,"column":15}},"149":{"start":{"line":287,"column":0},"end":{"line":315,"column":2}},"150":{"start":{"line":288,"column":2},"end":{"line":288,"column":10}},"151":{"start":{"line":289,"column":2},"end":{"line":289,"column":12}},"152":{"start":{"line":290,"column":2},"end":{"line":290,"column":14}},"153":{"start":{"line":291,"column":2},"end":{"line":291,"column":13}},"154":{"start":{"line":292,"column":2},"end":{"line":292,"column":16}},"155":{"start":{"line":293,"column":2},"end":{"line":295,"column":3}},"156":{"start":{"line":294,"column":4},"end":{"line":294,"column":11}},"157":{"start":{"line":296,"column":2},"end":{"line":313,"column":5}},"158":{"start":{"line":297,"column":4},"end":{"line":297,"column":32}},"159":{"start":{"line":298,"column":4},"end":{"line":298,"column":29}},"160":{"start":{"line":299,"column":4},"end":{"line":301,"column":5}},"161":{"start":{"line":300,"column":6},"end":{"line":300,"column":13}},"162":{"start":{"line":302,"column":4},"end":{"line":302,"column":24}},"163":{"start":{"line":303,"column":4},"end":{"line":311,"column":5}},"164":{"start":{"line":304,"column":6},"end":{"line":310,"column":7}},"165":{"start":{"line":305,"column":8},"end":{"line":305,"column":48}},"166":{"start":{"line":306,"column":8},"end":{"line":306,"column":17}},"167":{"start":{"line":307,"column":8},"end":{"line":309,"column":9}},"168":{"start":{"line":308,"column":10},"end":{"line":308,"column":20}},"169":{"start":{"line":312,"column":4},"end":{"line":312,"column":30}},"170":{"start":{"line":314,"column":2},"end":{"line":314,"column":14}}},"branchMap":{"1":{"line":19,"type":"if","locations":[{"start":{"line":19,"column":0},"end":{"line":19,"column":0}},{"start":{"line":19,"column":0},"end":{"line":19,"column":0}}]},"2":{"line":23,"type":"if","locations":[{"start":{"line":23,"column":0},"end":{"line":23,"column":0}},{"start":{"line":23,"column":0},"end":{"line":23,"column":0}}]},"3":{"line":26,"type":"binary-expr","locations":[{"start":{"line":26,"column":22},"end":{"line":26,"column":31}},{"start":{"line":26,"column":35},"end":{"line":26,"column":56}}]},"4":{"line":35,"type":"if","locations":[{"start":{"line":35,"column":2},"end":{"line":35,"column":2}},{"start":{"line":35,"column":2},"end":{"line":35,"column":2}}]},"5":{"line":39,"type":"if","locations":[{"start":{"line":39,"column":2},"end":{"line":39,"column":2}},{"start":{"line":39,"column":2},"end":{"line":39,"column":2}}]},"6":{"line":62,"type":"if","locations":[{"start":{"line":62,"column":8},"end":{"line":62,"column":8}},{"start":{"line":62,"column":8},"end":{"line":62,"column":8}}]},"7":{"line":66,"type":"if","locations":[{"start":{"line":66,"column":8},"end":{"line":66,"column":8}},{"start":{"line":66,"column":8},"end":{"line":66,"column":8}}]},"8":{"line":70,"type":"if","locations":[{"start":{"line":70,"column":10},"end":{"line":70,"column":10}},{"start":{"line":70,"column":10},"end":{"line":70,"column":10}}]},"9":{"line":73,"type":"if","locations":[{"start":{"line":73,"column":10},"end":{"line":73,"column":10}},{"start":{"line":73,"column":10},"end":{"line":73,"column":10}}]},"10":{"line":74,"type":"binary-expr","locations":[{"start":{"line":74,"column":25},"end":{"line":74,"column":38}},{"start":{"line":74,"column":42},"end":{"line":74,"column":48}}]},"11":{"line":75,"type":"if","locations":[{"start":{"line":75,"column":12},"end":{"line":75,"column":12}},{"start":{"line":75,"column":12},"end":{"line":75,"column":12}}]},"12":{"line":82,"type":"if","locations":[{"start":{"line":82,"column":10},"end":{"line":82,"column":10}},{"start":{"line":82,"column":10},"end":{"line":82,"column":10}}]},"13":{"line":96,"type":"if","locations":[{"start":{"line":96,"column":2},"end":{"line":96,"column":2}},{"start":{"line":96,"column":2},"end":{"line":96,"column":2}}]},"14":{"line":100,"type":"if","locations":[{"start":{"line":100,"column":2},"end":{"line":100,"column":2}},{"start":{"line":100,"column":2},"end":{"line":100,"column":2}}]},"15":{"line":103,"type":"binary-expr","locations":[{"start":{"line":103,"column":6},"end":{"line":103,"column":10}},{"start":{"line":103,"column":15},"end":{"line":103,"column":39}}]},"16":{"line":117,"type":"if","locations":[{"start":{"line":117,"column":4},"end":{"line":117,"column":4}},{"start":{"line":117,"column":4},"end":{"line":117,"column":4}}]},"17":{"line":120,"type":"if","locations":[{"start":{"line":120,"column":4},"end":{"line":120,"column":4}},{"start":{"line":120,"column":4},"end":{"line":120,"column":4}}]},"18":{"line":126,"type":"cond-expr","locations":[{"start":{"line":126,"column":52},"end":{"line":126,"column":56}},{"start":{"line":126,"column":59},"end":{"line":126,"column":64}}]},"19":{"line":176,"type":"if","locations":[{"start":{"line":176,"column":4},"end":{"line":176,"column":4}},{"start":{"line":176,"column":4},"end":{"line":176,"column":4}}]},"20":{"line":178,"type":"if","locations":[{"start":{"line":178,"column":11},"end":{"line":178,"column":11}},{"start":{"line":178,"column":11},"end":{"line":178,"column":11}}]},"21":{"line":189,"type":"if","locations":[{"start":{"line":189,"column":2},"end":{"line":189,"column":2}},{"start":{"line":189,"column":2},"end":{"line":189,"column":2}}]},"22":{"line":193,"type":"if","locations":[{"start":{"line":193,"column":2},"end":{"line":193,"column":2}},{"start":{"line":193,"column":2},"end":{"line":193,"column":2}}]},"23":{"line":200,"type":"if","locations":[{"start":{"line":200,"column":2},"end":{"line":200,"column":2}},{"start":{"line":200,"column":2},"end":{"line":200,"column":2}}]},"24":{"line":200,"type":"binary-expr","locations":[{"start":{"line":200,"column":6},"end":{"line":200,"column":23}},{"start":{"line":200,"column":27},"end":{"line":200,"column":47}}]},"25":{"line":207,"type":"if","locations":[{"start":{"line":207,"column":2},"end":{"line":207,"column":2}},{"start":{"line":207,"column":2},"end":{"line":207,"column":2}}]},"26":{"line":231,"type":"if","locations":[{"start":{"line":231,"column":2},"end":{"line":231,"column":2}},{"start":{"line":231,"column":2},"end":{"line":231,"column":2}}]},"27":{"line":237,"type":"if","locations":[{"start":{"line":237,"column":4},"end":{"line":237,"column":4}},{"start":{"line":237,"column":4},"end":{"line":237,"column":4}}]},"28":{"line":245,"type":"if","locations":[{"start":{"line":245,"column":6},"end":{"line":245,"column":6}},{"start":{"line":245,"column":6},"end":{"line":245,"column":6}}]},"29":{"line":247,"type":"if","locations":[{"start":{"line":247,"column":8},"end":{"line":247,"column":8}},{"start":{"line":247,"column":8},"end":{"line":247,"column":8}}]},"30":{"line":256,"type":"if","locations":[{"start":{"line":256,"column":6},"end":{"line":256,"column":6}},{"start":{"line":256,"column":6},"end":{"line":256,"column":6}}]},"31":{"line":261,"type":"if","locations":[{"start":{"line":261,"column":8},"end":{"line":261,"column":8}},{"start":{"line":261,"column":8},"end":{"line":261,"column":8}}]},"32":{"line":273,"type":"cond-expr","locations":[{"start":{"line":273,"column":32},"end":{"line":273,"column":61}},{"start":{"line":273,"column":64},"end":{"line":273,"column":65}}]},"33":{"line":276,"type":"cond-expr","locations":[{"start":{"line":276,"column":36},"end":{"line":276,"column":69}},{"start":{"line":276,"column":72},"end":{"line":276,"column":73}}]},"34":{"line":293,"type":"if","locations":[{"start":{"line":293,"column":2},"end":{"line":293,"column":2}},{"start":{"line":293,"column":2},"end":{"line":293,"column":2}}]},"35":{"line":299,"type":"if","locations":[{"start":{"line":299,"column":4},"end":{"line":299,"column":4}},{"start":{"line":299,"column":4},"end":{"line":299,"column":4}}]},"36":{"line":304,"type":"if","locations":[{"start":{"line":304,"column":6},"end":{"line":304,"column":6}},{"start":{"line":304,"column":6},"end":{"line":304,"column":6}}]},"37":{"line":307,"type":"if","locations":[{"start":{"line":307,"column":8},"end":{"line":307,"column":8}},{"start":{"line":307,"column":8},"end":{"line":307,"column":8}}]}},"code":["/*!"," * jscoverage: index.js"," * Authors  : fish <zhengxinlin@gmail.com> (https://github.com/fishbar)"," * Create   : 2014-04-03 15:20:13"," * CopyRight 2014 (c) Fish And Other Contributors"," *"," */","require('coffee-script').register();","var debug = require('debug')('jscoverage');","var fs = require('xfs');","var path = require('path');","var argv = require('optimist').argv;","var patch = require('./lib/patch');","var rptUtil = require('./reporter/util');","var cmd = argv['$0'];","var MODE_MOCHA = false;","process.__MOCHA_PREPARED = false;","var FLAG_LOCK = false;","if (/mocha/.test(cmd)) {","  MODE_MOCHA = true;","}","","if (MODE_MOCHA) {","  prepareMocha();","}","var COV_REPORT_NAME = argv.name || 'jscoverage reporter';","/**"," * prepare env for mocha test"," * @covignore"," */","function prepareMocha() {","  var covIgnore = argv.covignore;","  var cwd = process.cwd();","  var covlevel = argv.coverage;","  if (process.__MOCHA_PREPARED) {","    return;","  }","  process.__MOCHA_PREPARED = true;","  if (covlevel) {","    var tmp = covlevel.split(',');","    covlevel = {","      high: parseInt(tmp[0], 10) / 100,","      middle: parseInt(tmp[1], 10) / 100,","      low: parseInt(tmp[2], 10) / 100","    };","  } else {","    covlevel = {","      high: 0.9,","      middle: 0.7,","      low: 0.3","    };","  }","  debug('covlevel', covlevel);","  /**","   * add after hook","   * @return {[type]} [description]","   */","  var supportReporters = ['list', 'spec', 'tap'];","  process.nextTick(function () {","    try {","      after(function () {","        if (FLAG_LOCK) {","          return;","        }","        FLAG_LOCK = true;","        if (typeof _$jscoverage === 'undefined') {","          return;","        }","        try {","          if (argv.covout === 'none') {","            return;","          }","          if (!argv.covout) {","            var mochaR = argv.reporter || argv.R;","            if (supportReporters.indexOf(mochaR) !== -1) {","              argv.covout = mochaR;","            } else {","              argv.covout = 'list';","            }","          }","          var reporter;","          if (/^\\w+$/.test(argv.covout)) {","            reporter = require('./reporter/' + argv.covout);","          } else {","            reporter = require(argv.covout);","          }","          reporter.process(_$jscoverage, exports.coverageStats(), covlevel, COV_REPORT_NAME, rptUtil);","        } catch (e) {","          console.error('jscoverage reporter error', e, e.stack);","        }","      });","    } catch (e) {","      // do nothing","    }","  });","  if (argv.covinject) {","    debug('covinject enabled');","    patch.enableInject(true);","  }","  if (!covIgnore) {","    try {","      var stat = fs.statSync('.covignore');","      stat && (covIgnore = '.covignore');","      debug('.covignore file found!');","    } catch (e) {","      return;","    }","  }","  try {","    covIgnore = fs.readFileSync(covIgnore).toString().split(/\\r?\\n/g);","    debug('loading .covignore file!');","  } catch (e) {","    throw new Error('jscoverage loading covIgnore file error:' + covIgnore);","  }","  var _ignore = [];","  covIgnore.forEach(function (v, i, a) {","    if (!v) {","      return;","    }","    if (v.indexOf('/') === 0) {","      v = '^' + cwd + v;","    }","    _ignore.push(new RegExp(v.replace(/\\./g, '\\\\.').replace(/\\*/g, '.*')));","  });","","  patch.setCovIgnore(_ignore, argv.overrideIgnore ? true : false);","}","","var jscoverage = require('./lib/jscoverage');","","/**"," * enableInject description"," * @param {Boolean} true or false"," */","exports.enableInject = patch.enableInject;","/**"," * config the inject function names"," * @param  {Object} obj  {get, replace, call, reset}"," * @example"," *"," *  jsc.config({get:'$get', replace:'$replace'});"," *"," *  ====================="," *"," *  testMod = require('testmodule');"," *  testMod.$get('name');"," *  testMod.$replace('name', obj);"," */","exports.config = function (obj) {","  var inject_functions = patch.getInjectFunctions();","  for (var i in obj) {","    inject_functions[i] = obj[i];","  }","};","/**"," * process Code, inject the coverage code to the input Code string"," * @param {String} filename  jscoverage file flag"," * @param {Code} content"," * @return {Code} instrumented code"," */","exports.process = jscoverage.process;","","/**"," * processFile, instrument singfile"," * @sync"," * @param  {Path} source  absolute Path"," * @param  {Path} dest    absolute Path"," * @param  {Object} option  [description]"," */","exports.processFile = function (source, dest, option) {","  var content;","  var stats;","  // test source is file or dir, or not a file","  try {","    stats = fs.statSync(source);","    if (stats.isDirectory()) {","      throw new Error('path is dir');","    } else if (!stats.isFile()) {","      throw new Error('path is not a regular file');","    }","  } catch (e) {","    throw new Error('source file error' + e);","  }","","  fs.sync().mkdir(path.dirname(dest));","","  content = fs.readFileSync(source).toString();","  var sheBang = false;","  if (content.charCodeAt(0) === 65279) {","    content = content.substr(1);","  }","  // cut the shebang","  if (content.indexOf('#!') === 0) {","    var firstLineEnd = content.indexOf('\\n');","    sheBang = content.substr(0, firstLineEnd + 1);","    content = content.substr(firstLineEnd + 1);","  }","  // check if coffee script","  var ext = path.extname(source);","  if (ext === '.coffee' || ext === '.litcoffee') {","    var CoffeeScript = require('coffee-script');","    content = CoffeeScript.compile(content, {","      filename: source","    });","  }","  content = this.process(source, content);","  if (sheBang) {","    content = sheBang + content;","  }","  fs.writeFileSync(dest, content);","};","","function fixData(num) {","  return Math.round(num * 10000) / 10000;","}","/**"," * sum the coverage rate"," * @public"," */","exports.coverageStats = function () {","  var file;","  var tmp;","  var lineTotal;","  var lineHits;","  var branchTotal;","  var branchHits;","  var n, len;","  var stats = {};","  var branches, branchesMap, branch;","  var line, start, offset;","  if (typeof _$jscoverage === 'undefined') {","    return;","  }","  for (var i in _$jscoverage) {","    file = i;","    tmp = _$jscoverage[i];","    if (!tmp.length) {","      continue;","    }","    // reset the counters;","    lineTotal = lineHits = 0;","    branchTotal = branchHits = 0;","","    for (n = 0, len = tmp.length; n < len; n++) {","      if (tmp[n] !== undefined) {","        lineTotal ++;","        if (tmp[n] > 0) {","          lineHits ++;","        }","      }","    }","    // calculate the branches coverage","    branches = tmp.condition;","    branchesMap = {};","    for (n in branches) {","      if (branches[n] === 0) {","        branch = n.split('_');","        line = branch[0];","        start = parseInt(branch[1], 10);","        offset = parseInt(branch[2], 10);","        if (!branchesMap[line]) {","          branchesMap[line] = [];","        }","        branchesMap[line].push([start, offset]);","      } else {","        branchHits ++;","      }","      branchTotal ++;","    }","    stats[file] = {","      lineSloc: lineTotal,","      lineHits: lineHits,","      lineCoverage: lineTotal ? fixData(lineHits / lineTotal) : 1,","      branchSloc: branchTotal,","      branchHits: branchHits,","      branchCoverage: branchTotal ? fixData(branchHits / branchTotal) : 1,","      branches: branchesMap","    };","  }","  return stats;","};","","/**"," * get lcov report"," * @return {[type]} [description]"," */","exports.getLCOV = function () {","  var tmp;","  var total;","  var touched;","  var n, len;","  var lcov = '';","  if (typeof _$jscoverage === 'undefined') {","    return;","  }","  Object.keys(_$jscoverage).forEach(function (file) {","    lcov += 'SF:' + file + '\\n';","    tmp = _$jscoverage[file];","    if (!tmp.length) {","      return;","    }","    total = touched = 0;","    for (n = 0, len = tmp.length; n < len; n++) {","      if (tmp[n] !== undefined) {","        lcov += 'DA:' + n + ',' + tmp[n] + '\\n';","        total ++;","        if (tmp[n] > 0) {","          touched++;","        }","      }","    }","    lcov += 'end_of_record\\n';","  });","  return lcov;","};",""],"l":{"8":1,"9":1,"10":1,"11":1,"12":1,"13":1,"14":1,"15":1,"16":1,"17":1,"18":1,"19":1,"20":0,"23":1,"24":0,"26":1,"31":1,"32":0,"33":0,"34":0,"35":0,"36":0,"38":0,"39":0,"40":0,"41":0,"47":0,"53":0,"58":0,"59":0,"60":0,"61":0,"62":0,"63":0,"65":0,"66":0,"67":0,"69":0,"70":0,"71":0,"73":0,"74":0,"75":0,"
[...]
"73":0,"74":0,"75":0,"76":0,"77":0,"78":0,"79":0,"80":0,"81":0,"82":0,"83":0,"84":0,"85":0,"86":0,"87":0,"88":0,"89":1},"b":{"1":[0,0],"2":[0,0],"3":[0,0],"4":[0,0],"5":[0,0],"6":[0,0],"7":[0,0],"8":[0,0],"9":[0,0],"10":[0,0],"11":[0,0],"12":[0,0],"13":[0,0],"14":[0,0],"15":[0,0],"16":[0,0],"17":[0,0],"18":[0,0],"19":[0,0],"20":[0,0],"21":[0,0],"22":[0,0],"23":[0,0],"24":[0,0,0],"25":[0,0],"26":[0,0],"27":[0,0],"28":[0,0],"29":[0,0],"30":[0,0],"31":[0,0]},"f":{"1":0,"2":0,"3":0,"4":0,"5":0,"6":0,"7":0},"fnMap":{"1":{"name":"Instrument","line":16,"loc":{"start":{"line":16,"column":0},"end":{"line":16,"column":22}}},"2":{"name":"(anonymous_2)","line":54,"loc":{"start":{"line":54,"column":11},"end":{"line":54,"column":37}}},"3":{"name":"(anonymous_3)","line":68,"loc":{"start":{"line":68,"column":39},"end":{"line":68,"column":55}}},"4":{"name":"(anonymous_4)","line":142,"loc":{"start":{"line":142,"column":10},"end":{"line":142,"column":38}}},"5":{"name":"(anonymous_5)","line":184,"loc":{"start":{"line":184,"column":13},"end":{"line":184,"column":29}}},"6":{"name":"(anonymous_6)","line":196,"loc":{"start":{"line":196,"column":17},"end":{"line":196,"column":40}}},"7":{"name":"(anonymous_7)","line":217,"loc":{"start":{"line":217,"column":21},"end":{"line":217,"column":37}}}},"statementMap":{"1":{"start":{"line":13,"column":0},"end":{"line":13,"column":47}},"2":{"start":{"line":14,"column":0},"end":{"line":14,"column":34}},"3":{"start":{"line":16,"column":0},"end":{"line":42,"column":1}},"4":{"start":{"line":21,"column":2},"end":{"line":21,"column":23}},"5":{"start":{"line":26,"column":2},"end":{"line":26,"column":19}},"6":{"start":{"line":31,"column":2},"end":{"line":31,"column":18}},"7":{"start":{"line":36,"column":2},"end":{"line":36,"column":18}},"8":{"start":{"line":41,"column":2},"end":{"line":41,"column":21}},"9":{"start":{"line":44,"column":0},"end":{"line":220,"column":2}},"10":{"start":{"line":55,"column":4},"end":{"line":57,"column":5}},"11":{"start":{"line":56,"column":6},"end":{"line":56,"column":63}},"12":{"start":{"line":60,"column":4},"end":{"line":60,"column":19}},"13":{"start":{"line":62,"column":4},"end":{"line":62,"column":33}},"14":{"start":{"line":64,"column":4},"end":{"line":64,"column":29}},"15":{"start":{"line":65,"column":4},"end":{"line":65,"column":38}},"16":{"start":{"line":68,"column":4},"end":{"line":118,"column":7}},"17":{"start":{"line":69,"column":6},"end":{"line":71,"column":7}},"18":{"start":{"line":70,"column":8},"end":{"line":70,"column":15}},"19":{"start":{"line":72,"column":6},"end":{"line":72,"column":33}},"20":{"start":{"line":73,"column":6},"end":{"line":93,"column":7}},"21":{"start":{"line":74,"column":8},"end":{"line":74,"column":78}},"22":{"start":{"line":75,"column":8},"end":{"line":75,"column":90}},"23":{"start":{"line":76,"column":8},"end":{"line":76,"column":93}},"24":{"start":{"line":77,"column":13},"end":{"line":93,"column":7}},"25":{"start":{"line":78,"column":8},"end":{"line":78,"column":78}},"26":{"start":{"line":79,"column":8},"end":{"line":81,"column":9}},"27":{"start":{"line":80,"column":10},"end":{"line":80,"column":17}},"28":{"start":{"line":82,"column":8},"end":{"line":84,"column":9}},"29":{"start":{"line":83,"column":10},"end":{"line":83,"column":74}},"30":{"start":{"line":85,"column":8},"end":{"line":87,"column":9}},"31":{"start":{"line":86,"column":10},"end":{"line":86,"column":77}},"32":{"start":{"line":90,"column":11},"end":{"line":93,"column":7}},"33":{"start":{"line":91,"column":8},"end":{"line":91,"column":78}},"34":{"start":{"line":92,"column":8},"end":{"line":92,"column":87}},"35":{"start":{"line":95,"column":6},"end":{"line":95,"column":49}},"36":{"start":{"line":96,"column":6},"end":{"line":117,"column":7}},"37":{"start":{"line":97,"column":8},"end":{"line":97,"column":21}},"38":{"start":{"line":98,"column":8},"end":{"line":98,"column":20}},"39":{"start":{"line":99,"column":8},"end":{"line":115,"column":9}},"40":{"start":{"line":100,"column":10},"end":{"line":100,"column":33}},"41":{"start":{"line":101,"column":10},"end":{"line":104,"column":11}},"42":{"start":{"line":102,"column":12},"end":{"line":102,"column":30}},"43":{"start":{"line":103,"column":12},"end":{"line":103,"column":21}},"44":{"start":{"line":105,"column":10},"end":{"line":113,"column":11}},"45":{"start":{"line":106,"column":12},"end":{"line":109,"column":13}},"46":{"start":{"line":107,"column":14},"end":{"line":107,"column":32}},"47":{"start":{"line":108,"column":14},"end":{"line":108,"column":23}},"48":{"start":{"line":110,"column":12},"end":{"line":110,"column":61}},"49":{"start":{"line":111,"column":17},"end":{"line":113,"column":11}},"50":{"start":{"line":112,"column":12},"end":{"line":112,"column":61}},"51":{"start":{"line":114,"column":10},"end":{"line":114,"column":28}},"52":{"start":{"line":116,"column":8},"end":{"line":116,"column":24}},"53":{"start":{"line":120,"column":4},"end":{"line":120,"column":27}},"54":{"start":{"line":122,"column":4},"end":{"line":122,"column":21}},"55":{"start":{"line":124,"column":4},"end":{"line":128,"column":7}},"56":{"start":{"line":130,"column":4},"end":{"line":130,"column":19}},"57":{"start":{"line":131,"column":4},"end":{"line":131,"column":31}},"58":{"start":{"line":132,"column":4},"end":{"line":132,"column":16}},"59":{"start":{"line":143,"column":4},"end":{"line":143,"column":18}},"60":{"start":{"line":144,"column":4},"end":{"line":162,"column":5}},"61":{"start":{"line":145,"column":6},"end":{"line":145,"column":28}},"62":{"start":{"line":146,"column":6},"end":{"line":150,"column":8}},"63":{"start":{"line":151,"column":11},"end":{"line":162,"column":5}},"64":{"start":{"line":152,"column":6},"end":{"line":152,"column":33}},"65":{"start":{"line":153,"column":6},"end":{"line":153,"column":52}},"66":{"start":{"line":154,"column":6},"end":{"line":154,"column":50}},"67":{"start":{"line":155,"column":6},"end":{"line":155,"column":26}},"68":{"start":{"line":156,"column":6},"end":{"line":161,"column":8}},"69":{"start":{"line":164,"column":4},"end":{"line":168,"column":7}},"70":{"start":{"line":170,"column":4},"end":{"line":177,"column":5}},"71":{"start":{"line":171,"column":6},"end":{"line":174,"column":9}},"72":{"start":{"line":176,"column":6},"end":{"line":176,"column":18}},"73":{"start":{"line":185,"column":4},"end":{"line":187,"column":5}},"74":{"start":{"line":186,"column":6},"end":{"line":186,"column":19}},"75":{"start":{"line":188,"column":4},"end":{"line":194,"column":5}},"76":{"start":{"line":193,"column":6},"end":{"line":193,"column":18}},"77":{"start":{"line":197,"column":4},"end":{"line":197,"column":12}},"78":{"start":{"line":198,"column":4},"end":{"line":203,"column":5}},"79":{"start":{"line":199,"column":6},"end":{"line":199,"column":78}},"80":{"start":{"line":200,"column":6},"end":{"line":202,"column":7}},"81":{"start":{"line":201,"column":8},"end":{"line":201,"column":32}},"82":{"start":{"line":204,"column":4},"end":{"line":206,"column":5}},"83":{"start":{"line":205,"column":6},"end":{"line":205,"column":18}},"84":{"start":{"line":207,"column":4},"end":{"line":213,"column":5}},"85":{"start":{"line":208,"column":6},"end":{"line":212,"column":7}},"86":{"start":{"line":209,"column":8},"end":{"line":211,"column":9}},"87":{"start":{"line":210,"column":10},"end":{"line":210,"column":22}},"88":{"start":{"line":214,"column":4},"end":{"line":214,"column":17}},"89":{"start":{"line":222,"column":0},"end":{"line":222,"column":28}}},"branchMap":{"1":{"line":55,"type":"if","locations":[{"start":{"line":55,"column":4},"end":{"line":55,"column":4}},{"start":{"line":55,"column":4},"end":{"line":55,"column":4}}]},"2":{"line":69,"type":"if","locations":[{"start":{"line":69,"column":6},"end":{"line":69,"column":6}},{"start":{"line":69,"column":6},"end":{"line":69,"column":6}}]},"3":{"line":73,"type":"if","locations":[{"start":{"line":73,"column":6},"end":{"line":73,"column":6}},{"start":{"line":73,"column":6},"end":{"line":73,"column":6}}]},"4":{"line":74,"type":"binary-expr","locations":[{"start":{"line":74,"column":55},"end":{"line":74,"column":61}},{"start":{"line":74,"column":65},"end":{"line":74,"column":76}}]},"5":{"line":77,"type":"if","locations":[{"start":{"line":77,"column":13},"end":{"line":77,"column":13}},{"start":{"line":77,"column":13},"end":{"line":77,"column":13}}]},"6":{"line":78,"type":"binary-expr","locations":[{"start":{"line":78,"column":55},"end":{"line":78,"column":61}},{"start":{"line":78,"column":65},"end":{"line":78,"column":76}}]},"7":{"line":79,"type":"if","locations":[{"start":{"line":79,"column":8},"end":{"line":79,"column":8}},{"start":{"line":79,"column":8},"end":{"line":79,"column":8}}]},"8":{"line":79,"type":"binary-expr","locations":[{"start":{"line":79,"column":12},"end":{"line":79,"column":25}},{"start":{"line":79,"column":29},"end":{"line":79,"column":71}}]},"9":{"line":82,"type":"if","locations":[{"start":{"line":82,"column":8},"end":{"line":82,"column":8}},{"start":{"line":82,"column":8},"end":{"line":82,"column":8}}]},"10":{"line":85,"type":"if","locations":[{"start":{"line":85,"column":8},"end":{"line":85,"column":8}},{"start":{"line":85,"column":8},"end":{"line":85,"column":8}}]},"11":{"line":90,"type":"if","locations":[{"start":{"line":90,"column":11},"end":{"line":90,"column":11}},{"start":{"line":90,"column":11},"end":{"line":90,"column":11}}]},"12":{"line":91,"type":"binary-expr","locations":[{"start":{"line":91,"column":55},"end":{"line":91,"column":61}},{"start":{"line":91,"column":65},"end":{"line":91,"column":76}}]},"13":{"line":95,"type":"cond-expr","locations":[{"start":{"line":95,"column":28},"end":{"line":95,"column":44}},{"start":{"line":95,"column":47},"end":{"line":95,"column":48}}]},"14":{"line":96,"type":"if","locations":[{"start":{"line":96,"column":6},"end":{"line":96,"column":6}},{"start":{"line":96,"column":6},"end":{"line":96,"column":6}}]},"15":{"line":101,"type":"if","locations":[{"start":{"line":101,"column":10},"end":{"line":101,"column":10}},{"start":{"line":101,"column":10},"end":{"line":101,"column":10}}]},"16":{"line":105,"type":"if","locations":[{"start":{"line":105,"column":10},"end":{"line":105,"column":10}},{"start":{"line":105,"column":10},"end":{"line":105,"column":10}}]},"17":{"line":106,"type":"if","locations":[{"start":{"line":106,"column":12},"end":{"line":106,"column":12}},{"start":{"line":106,"column":12},"end":{"line":106,"column":12}}]},"18":{"line":111,"type":"if","locations":[{"start":{"line":111,"column":17},"end":{"line":111,"column":17}},{"start":{"line":111,"column":17},"end":{"line":111,"column":17}}]},"19":{"line":144,"type":"if","locations":[{"start":{"line":144,"column":4},"end":{"line":144,"column":4}},{"start":{"line":144,"column":4},"end":{"line":144,"column":4}}]},"20":{"line":151,"type":"if","locations":[{"start":{"line":151,"column":11},"end":{"line":151,"column":11}},{"start":{"line":151,"column":11},"end":{"line":151,"column":11}}]},"21":{"line":170,"type":"if","locations":[{"start":{"line":170,"column":4},"end":{"line":170,"column":4}},{"start":{"line":170,"column":4},"end":{"line":170,"column":4}}]},"22":{"line":185,"type":"if","locations":[{"start":{"line":185,"column":4},"end":{"line":185,"column":4}},{"start":{"line":185,"column":4},"end":{"line":185,"column":4}}]},"23":{"line":188,"type":"if","locations":[{"start":{"line":188,"column":4},"end":{"line":188,"column":4}},{"start":{"line":188,"column":4},"end":{"line":188,"column":4}}]},"24":{"line":189,"type":"binary-expr","locations":[{"start":{"line":189,"column":6},"end":{"line":189,"column":51}},{"start":{"line":190,"column":6},"end":{"line":190,"column":50}},{"start":{"line":191,"column":6},"end":{"line":191,"column":38}}]},"25":{"line":198,"type":"if","locations":[{"start":{"line":198,"column":4},"end":{"line":198,"column":4}},{"start":{"line":198,"column":4},"end":{"line":198,"column":4}}]},"26":{"line":198,"type":"binary-expr","locations":[{"start":{"line":198,"column":8},"end":{"line":198,"column":18}},{"start":{"line":198,"column":22},"end":{"line":198,"column":55}}]},"27":{"line":200,"type":"if","locations":[{"start":{"line":200,"column":6},"end":{"line":200,"column":6}},{"start":{"line":200,"column":6},"end":{"line":200,"column":6}}]},"28":{"line":200,"type":"binary-expr","locations":[{"start":{"line":200,"column":10},"end":{"line":200,"column":38}},{"start":{"line":200,"column":42},"end":{"line":200,"column":80}}]},"29":{"line":204,"type":"if","locations":[{"start":{"line":204,"column":4},"end":{"line":204,"column":4}},{"start":{"line":204,"column":4},"end":{"line":204,"column":4}}]},"30":{"line":207,"type":"if","locations":[{"start":{"line":207,"column":4},"end":{"line":207,"column":4}},{"start":{"line":207,"column":4},"end":{"line":207,"column":4}}]},"31":{"line":209,"type":"if","locations":[{"start":{"line":209,"column":8},"end":{"line":209,"column":8}},{"start":{"line":209,"column":8},"end":{"line":209,"column":8}}]}},"code":["/*!"," * jscoverage: lib/instrument.js"," * Authors  : fish <zhengxinlin@gmail.com> (https://github.com/fishbar)"," * Create   : 2014-04-03 15:20:13"," * CopyRight 2014 (c) Fish And Other Contributors"," */","/**"," * instrument code"," * @example"," *   var ist = new Instrument();"," *   var resCode = ist.process(str);"," */","var debug = require('debug')('cov:instrument');","var Uglify = require('uglify-js');","","function Instrument() {","  /**","   * filename needed","   * @type {String}","   */","  this.filename = null;","  /**","   * store injected code","   * @type {String}","   */","  this.code = null;","  /**","   * 储存line信息","   * @type {Array}","   */","  this.lines = [];","  /**","   * 储存condition信息","   * @type {Object}","   */","  this.conds = {};","  /**","   * source code in array","   * @type {Array}","   */","  this.source = null;","}","","Instrument.prototype = {","  // 行类型","  T_LINE: 'line',","  T_COND: 'cond',","  /**","   * process code","   * @public","   * @param  {String} code source code","   * @return {String} injected code","   */","  process: function (filename, code) {","    if (!filename) {","      throw new Error('[jscoverage]instrument need filename!');","    }","","    //code = this.protectEmptyBlock(code);","    var ist = this;","    // parse ast","    var ast = Uglify.parse(code);","","    this.filename = filename;","    this.source = code.split(/\\r?\\n/);","","    // init walker","    var walker = new Uglify.TreeWalker(function (node) {","      if (ist.checkIfIgnore(node, walker.stack)) {","        return;","      }","      var parent = this.parent();","      if (node instanceof Uglify.AST_Conditional) { // 三元判断","        debug('node type:', node.TYPE, 'parent type:', parent && parent.TYPE);","        node.consequent = ist.inject('cond', node.consequent.start.line, node.consequent);","        node.alternative = ist.inject('cond', node.alternative.start.line, node.alternative);","      } else if (node.TYPE === 'Binary') {","        debug('node type:', node.TYPE, 'parent type:', parent && parent.TYPE);","        if (node.operator && ['||', '&&'].indexOf(node.operator) === -1) {","          return;","        }","        if (!(node.left instanceof Uglify.AST_Constant)) {","          node.left = ist.inject('cond', node.left.start.line, node.left);","        }","        if (!(node.right instanceof Uglify.AST_Constant)) {","          node.right = ist.inject('cond', node.right.start.line, node.right);","        }","      }","","      else if (node instanceof Uglify.AST_If) {","        debug('node type:', node.TYPE, 'parent type:', parent && parent.TYPE);","        node.condition = ist.inject('cond', node.condition.start.line, node.condition);","      }","","      var len = node.body ? node.body.length : 0;","      if (len) {","        var res = [];","        var subNode;","        for (var i = 0; i < len; i++) {","          subNode = node.body[i];","          if (ist.checkIfIgnore(subNode, walker.stack)) {","            res.push(subNode);","            continue;","          }","          if (subNode instanceof Uglify.AST_Statement) {","            if (ist.ifExclude(subNode)) {","              res.push(subNode);","              continue;","            }","            res.push(ist.inject('line', subNode.start.line));","          } else if (subNode instanceof Uglify.AST_Var) {","            res.push(ist.inject('line', subNode.start.line));","          }","          res.push(subNode);","        }","        node.body = res;","      }","    });","    // figure_out_scope","    ast.figure_out_scope();","    // walk process","    ast.walk(walker);","","    var out = Uglify.OutputStream({","      preserve_line : true,","      comments: 'all',","      beautify: true","    });","    // rebuild file","    ast.print(out);","    this.code = out.toString();","    return this;","  },","  /**","   * 注入覆盖率查询方法","   * @private","   * @param  {String} type  inject type, line | conds","   * @param  {Number} line  line number","   * @param  {Object} expr  any expression, or node, or statement","   * @return {AST_Func} Object","   */","  inject: function (type, line, expr) {","    var args = [];","    if (type === this.T_LINE) {","      this.lines.push(line);","      args = [","        new Uglify.AST_String({value: this.filename}),","        new Uglify.AST_String({value: type}),","        new Uglify.AST_Number({value: line})","      ];","    } else if (type === this.T_COND) {","      var start = expr.start.col;","      var offset = expr.end.endpos - expr.start.pos;","      var key = line + '_' + start + '_' + offset;  // 编码","      this.conds[key] = 0;","      args = [","        new Uglify.AST_String({value: this.filename}),","        new Uglify.AST_String({value: type}),","        new Uglify.AST_String({value: key}),","        expr","      ];","    }","","    var call = new Uglify.AST_Call({","      expression: new Uglify.AST_SymbolRef({name: '_$jscmd'}),","      //end: new Uglify.AST_","      args: args","    });","","    if (type === this.T_LINE) {","      return new Uglify.AST_SimpleStatement({","        body: call,","        end: new Uglify.AST_Token({value: ';'})","      });","    } else {","      return call;","    }","  },","  /**","   * check if need inject","   * @param  {AST_Node} node","   * @return {Boolean}","   */","  ifExclude: function (node) {","    if (node instanceof Uglify.AST_LoopControl) {","      return false;","    }","    if (","      node instanceof Uglify.AST_IterationStatement ||","      node instanceof Uglify.AST_StatementWithBody ||","      node instanceof Uglify.AST_Block","    ) {","      return true;","    }","  },","  checkIfIgnore: function (node, stack) {","    var cmt;","    if (node.start && node.start.comments_before.length) {","      cmt = node.start.comments_before[node.start.comments_before.length - 1];","      if (/@covignore/.test(cmt.value) && !(node instanceof Uglify.AST_Toplevel)) {","        node.__covignore = true;","      }","    }","    if (node.__covignore) {","      return true;","    }","    if (stack) {","      for (var i = stack.length - 1; i > 0; i--) {","        if (stack[i].__covignore) {","          return true;","        }","      }","    }","    return false;","  },","  // protect something like `multiline(function(){/* asd */})`","  protectEmptyBlock: function (node) {","","  }","};","","module.exports = Instrument;"],"l":{"13":1,"14":1,"16":1,"21":0,"26":0,"31":0,"36":0,"41":0,"44":1,"55":0,"56":0,"60":0,"62":0,"64":0,"65":0,"68":0,"69":0,"70":0,"72":0,"73":0,"74":0,"75":0,"76":0,"77":0,"78":0,"79":0,"80":0,"82":0,"83":0,"85":0,"86":0,"90":0,"91":0,"92":0,"95":0,"96":0,"97":0,"98":0,"99":0,"100":0,"101":0,"102":0,"103":0,"105":0,"106":0,"107":0,"108":0,"110":0,"111":0,"112":0,"114":0,"116":0,"120":0,"122":0,"124":0,"130":0,"131":0,"132":0,"143":0,"144":0,"145":0,"146":0,"151":0,"152":0,"153":0,"154":0,"155":0,"156":0,"164":0,"170":0,"171":0,"176":0,"185":0,"186":0,"188":0,"193":0,"197":0,"198":0,"199":0,"200":0,"201":0,"204":0,"205":0,"207":0,"208":0,"209":0,"210":0,"214":0,"222":1}}}